2025-08-28 17:25:29,579 [INFO] Starting video processing... Press 'q' to quit. 
2025-08-28 17:25:29,579 [INFO] Saving processed video to output\output_video.avi
2025-08-28 17:25:29,653 [INFO] Detected 6 markers: [62, 203, 23, 40, 98, 124]
2025-08-28 17:25:29,743 [INFO] Detected 6 markers: [62, 203, 23, 40, 124, 98]
2025-08-28 17:25:29,806 [INFO] Detected 6 markers: [203, 62, 40, 23, 124, 98]
2025-08-28 17:25:29,851 [INFO] Detected 6 markers: [62, 203, 23, 40, 124, 98]
2025-08-28 17:25:29,895 [INFO] Detected 6 markers: [62, 203, 23, 40, 98, 124]
2025-08-28 17:25:29,934 [INFO] Detected 6 markers: [62, 203, 23, 40, 98, 124]
2025-08-28 17:25:29,983 [INFO] Detected 6 markers: [203, 62, 23, 40, 98, 124]
2025-08-28 17:25:30,030 [INFO] Detected 6 markers: [62, 203, 23, 40, 98, 124]
2025-08-28 17:25:30,067 [INFO] Detected 6 markers: [62, 203, 40, 23, 124, 98]
2025-08-28 17:25:30,111 [INFO] Detected 6 markers: [62, 203, 23, 40, 98, 124]
2025-08-28 17:25:30,149 [INFO] Detected 6 markers: [203, 62, 23, 40, 98, 124]
2025-08-28 17:25:30,195 [INFO] Detected 6 markers: [203, 62, 23, 40, 98, 124]
2025-08-28 17:25:30,233 [INFO] Detected 6 markers: [62, 203, 23, 40, 124, 98]
2025-08-28 17:25:30,280 [INFO] Detected 6 markers: [62, 203, 23, 40, 124, 98]
2025-08-28 17:25:30,315 [INFO] Detected 6 markers: [203, 62, 23, 40, 98, 124]
2025-08-28 17:25:30,351 [INFO] Detected 6 markers: [62, 203, 23, 40, 98, 124]
2025-08-28 17:25:30,398 [INFO] Detected 6 markers: [62, 203, 23, 40, 98, 124]
2025-08-28 17:25:30,444 [INFO] Detected 6 markers: [62, 203, 23, 40, 98, 124]
2025-08-28 17:25:30,494 [INFO] Detected 6 markers: [62, 203, 23, 40, 98, 124]
2025-08-28 17:25:30,530 [INFO] Detected 6 markers: [62, 203, 23, 40, 124, 98]
2025-08-28 17:25:30,567 [INFO] Detected 6 markers: [203, 62, 23, 40, 98, 124]
2025-08-28 17:25:30,617 [INFO] Detected 6 markers: [62, 203, 23, 40, 98, 124]
2025-08-28 17:25:30,651 [INFO] Detected 6 markers: [203, 62, 23, 40, 124, 98]
2025-08-28 17:25:30,697 [INFO] Detected 6 markers: [62, 203, 23, 40, 98, 124]
2025-08-28 17:25:30,734 [INFO] Detected 6 markers: [62, 203, 23, 40, 124, 98]
2025-08-28 17:25:30,778 [INFO] Detected 6 markers: [203, 62, 40, 23, 98, 124]
2025-08-28 17:25:30,815 [INFO] Detected 6 markers: [62, 203, 23, 40, 124, 98]
2025-08-28 17:25:30,850 [INFO] Detected 6 markers: [62, 203, 40, 23, 98, 124]
2025-08-28 17:25:30,895 [INFO] Detected 6 markers: [203, 62, 23, 40, 98, 124]
2025-08-28 17:25:30,945 [INFO] Detected 6 markers: [62, 203, 40, 23, 98, 124]
2025-08-28 17:25:30,984 [INFO] Detected 6 markers: [62, 203, 23, 40, 98, 124]
2025-08-28 17:25:31,033 [INFO] Detected 6 markers: [62, 203, 23, 40, 98, 124]
2025-08-28 17:25:31,061 [INFO] Detected 6 markers: [62, 203, 23, 40, 98, 124]
2025-08-28 17:25:31,114 [INFO] Detected 6 markers: [62, 203, 23, 40, 98, 124]
2025-08-28 17:25:31,150 [INFO] Detected 6 markers: [203, 62, 23, 40, 98, 124]
2025-08-28 17:25:31,184 [INFO] Detected 6 markers: [62, 203, 40, 23, 124, 98]
2025-08-28 17:25:31,233 [INFO] Detected 6 markers: [62, 203, 40, 23, 98, 124]
2025-08-28 17:25:31,267 [INFO] Detected 6 markers: [62, 203, 40, 23, 98, 124]
2025-08-28 17:25:31,301 [INFO] Detected 6 markers: [203, 62, 40, 23, 98, 124]
2025-08-28 17:25:31,350 [INFO] Detected 6 markers: [62, 203, 40, 23, 98, 124]
2025-08-28 17:25:31,381 [INFO] Detected 6 markers: [62, 203, 40, 23, 124, 98]
2025-08-28 17:25:31,432 [INFO] Detected 6 markers: [62, 203, 40, 23, 124, 98]
2025-08-28 17:25:31,478 [INFO] Detected 6 markers: [62, 203, 40, 23, 98, 124]
2025-08-28 17:25:31,517 [INFO] Detected 6 markers: [62, 203, 40, 98, 23, 124]
2025-08-28 17:25:31,550 [INFO] Detected 6 markers: [62, 203, 23, 40, 98, 124]
2025-08-28 17:25:31,600 [INFO] Detected 6 markers: [62, 40, 23, 203, 98, 124]
2025-08-28 17:25:31,644 [INFO] Detected 7 markers: [62, 40, 203, 23, 98, 124, 98]
2025-08-28 17:25:31,684 [INFO] Detected 6 markers: [62, 203, 23, 40, 98, 124]
2025-08-28 17:25:31,733 [INFO] Detected 6 markers: [62, 203, 40, 124, 23, 98]
2025-08-28 17:25:31,767 [INFO] Detected 6 markers: [62, 40, 203, 23, 98, 124]
2025-08-28 17:25:31,814 [INFO] Detected 7 markers: [62, 203, 40, 23, 98, 124, 98]
2025-08-28 17:25:31,851 [INFO] Detected 7 markers: [40, 62, 203, 23, 98, 124, 98]
2025-08-28 17:25:31,899 [INFO] Detected 6 markers: [62, 40, 203, 23, 98, 124]
2025-08-28 17:25:31,932 [INFO] Detected 8 markers: [62, 23, 203, 40, 98, 124, 124, 98]
2025-08-28 17:25:31,981 [INFO] Detected 6 markers: [62, 40, 23, 98, 203, 124]
2025-08-28 17:25:32,011 [INFO] Detected 5 markers: [62, 40, 23, 203, 124]
2025-08-28 17:25:32,044 [INFO] Detected 7 markers: [62, 40, 203, 23, 98, 124, 98]
2025-08-28 17:25:32,100 [INFO] Detected 6 markers: [62, 40, 98, 23, 203, 124]
2025-08-28 17:25:32,127 [INFO] Detected 7 markers: [62, 40, 98, 203, 124, 23, 98]
2025-08-28 17:25:32,183 [INFO] Detected 8 markers: [40, 62, 98, 23, 203, 124, 40, 124]
2025-08-28 17:25:32,211 [INFO] Detected 6 markers: [40, 62, 23, 203, 98, 124]
2025-08-28 17:25:32,260 [INFO] Detected 6 markers: [62, 40, 203, 23, 124, 98]
2025-08-28 17:25:32,284 [INFO] Detected 6 markers: [62, 203, 40, 23, 98, 124]
2025-08-28 17:25:32,328 [INFO] Detected 6 markers: [62, 23, 203, 40, 98, 124]
2025-08-28 17:25:32,367 [INFO] Detected 6 markers: [62, 40, 203, 98, 23, 124]
2025-08-28 17:25:32,394 [INFO] Detected 6 markers: [62, 203, 40, 23, 98, 124]
2025-08-28 17:25:32,435 [INFO] Detected 6 markers: [62, 203, 40, 23, 98, 124]
2025-08-28 17:25:32,469 [INFO] Detected 6 markers: [62, 203, 40, 23, 124, 98]
2025-08-28 17:25:32,495 [INFO] Detected 6 markers: [62, 203, 40, 23, 98, 124]
2025-08-28 17:25:32,527 [INFO] Detected 6 markers: [62, 203, 23, 40, 98, 124]
2025-08-28 17:25:32,561 [INFO] Detected 6 markers: [203, 62, 23, 40, 98, 124]
2025-08-28 17:25:32,595 [INFO] Detected 6 markers: [203, 62, 40, 23, 98, 124]
2025-08-28 17:25:32,634 [INFO] Detected 6 markers: [203, 62, 23, 40, 124, 98]
2025-08-28 17:25:32,666 [INFO] Detected 6 markers: [62, 203, 23, 40, 98, 124]
2025-08-28 17:25:32,682 [INFO] Detected 6 markers: [203, 62, 23, 40, 98, 124]
2025-08-28 17:25:32,711 [INFO] Detected 6 markers: [203, 62, 40, 23, 98, 124]
2025-08-28 17:25:32,747 [INFO] Detected 6 markers: [203, 62, 23, 40, 124, 98]
2025-08-28 17:25:32,767 [INFO] Detected 6 markers: [62, 203, 23, 40, 98, 124]
2025-08-28 17:25:32,795 [INFO] Detected 6 markers: [203, 62, 23, 40, 98, 124]
2025-08-28 17:25:32,829 [INFO] Detected 6 markers: [62, 203, 23, 40, 124, 98]
2025-08-28 17:25:32,850 [INFO] Detected 6 markers: [62, 203, 23, 40, 98, 124]
2025-08-28 17:25:32,883 [INFO] Detected 6 markers: [62, 203, 23, 40, 98, 124]
2025-08-28 17:25:32,916 [INFO] Detected 6 markers: [62, 203, 40, 23, 98, 124]
2025-08-28 17:25:32,945 [INFO] Detected 6 markers: [62, 203, 23, 40, 124, 98]
2025-08-28 17:25:32,983 [INFO] Detected 6 markers: [62, 203, 23, 40, 124, 98]
2025-08-28 17:25:32,995 [INFO] Detected 6 markers: [62, 203, 23, 40, 98, 124]
2025-08-28 17:25:33,028 [INFO] Detected 6 markers: [62, 203, 23, 40, 98, 124]
2025-08-28 17:25:33,060 [INFO] Detected 6 markers: [62, 203, 23, 98, 40, 124]
2025-08-28 17:25:33,085 [INFO] Detected 2 markers: [62, 23]
2025-08-28 17:25:33,113 [INFO] Detected 1 markers: [23]
2025-08-28 17:25:33,149 [INFO] Detected 3 markers: [62, 203, 23]
2025-08-28 17:25:33,168 [INFO] Detected 1 markers: [23]
2025-08-28 17:25:33,201 [INFO] Detected 3 markers: [203, 62, 23]
2025-08-28 17:25:33,234 [INFO] Detected 3 markers: [62, 203, 23]
2025-08-28 17:25:33,261 [INFO] Detected 6 markers: [62, 203, 40, 23, 124, 98]
2025-08-28 17:25:33,298 [INFO] Detected 6 markers: [203, 62, 23, 40, 98, 124]
2025-08-28 17:25:33,330 [INFO] Detected 6 markers: [62, 203, 23, 40, 98, 124]
2025-08-28 17:25:33,351 [INFO] Detected 6 markers: [62, 203, 23, 40, 98, 124]
2025-08-28 17:25:33,378 [INFO] Detected 5 markers: [62, 203, 23, 40, 98]
2025-08-28 17:25:33,401 [INFO] Detected 5 markers: [62, 203, 23, 40, 98]
2025-08-28 17:25:33,432 [INFO] Detected 4 markers: [62, 23, 40, 98]
2025-08-28 17:25:33,450 [INFO] Detected 4 markers: [62, 23, 40, 98]
2025-08-28 17:25:33,478 [INFO] Detected 4 markers: [62, 23, 40, 98]
2025-08-28 17:25:33,494 [INFO] Detected 6 markers: [62, 203, 23, 40, 124, 98]
2025-08-28 17:25:33,511 [INFO] Detected 5 markers: [62, 203, 23, 40, 98]
2025-08-28 17:25:33,544 [INFO] Detected 6 markers: [203, 62, 23, 40, 124, 98]
2025-08-28 17:25:33,561 [INFO] Detected 6 markers: [203, 62, 23, 40, 124, 98]
2025-08-28 17:25:33,587 [INFO] Detected 6 markers: [203, 62, 23, 40, 124, 98]
2025-08-28 17:25:33,600 [INFO] Detected 5 markers: [203, 62, 23, 40, 124]
2025-08-28 17:25:33,628 [INFO] Detected 4 markers: [203, 62, 23, 40]
2025-08-28 17:25:33,650 [INFO] Detected 6 markers: [203, 62, 23, 40, 124, 98]
2025-08-28 17:25:33,662 [INFO] Detected 5 markers: [203, 62, 23, 40, 98]
2025-08-28 17:25:33,695 [INFO] Detected 6 markers: [203, 62, 23, 40, 124, 98]
2025-08-28 17:25:33,712 [INFO] Detected 6 markers: [203, 62, 23, 40, 124, 98]
2025-08-28 17:25:33,728 [INFO] Detected 6 markers: [203, 62, 23, 40, 124, 98]
2025-08-28 17:25:33,766 [INFO] Detected 6 markers: [203, 62, 23, 40, 124, 98]
2025-08-28 17:25:33,784 [INFO] Detected 6 markers: [203, 62, 23, 40, 124, 98]
2025-08-28 17:25:33,795 [INFO] Detected 6 markers: [203, 62, 23, 40, 124, 98]
2025-08-28 17:25:33,831 [INFO] Detected 6 markers: [203, 62, 23, 40, 124, 98]
2025-08-28 17:25:33,850 [INFO] Detected 6 markers: [203, 62, 23, 40, 124, 98]
2025-08-28 17:25:33,861 [INFO] Detected 6 markers: [203, 62, 23, 40, 98, 124]
2025-08-28 17:25:33,896 [INFO] Detected 6 markers: [62, 203, 23, 40, 124, 98]
2025-08-28 17:25:33,917 [INFO] Detected 6 markers: [203, 62, 23, 40, 124, 98]
2025-08-28 17:25:33,928 [INFO] Detected 6 markers: [203, 62, 23, 40, 124, 98]
2025-08-28 17:25:33,961 [INFO] Detected 6 markers: [203, 62, 23, 40, 124, 98]
2025-08-28 17:25:33,984 [INFO] Detected 6 markers: [203, 62, 23, 40, 124, 98]
2025-08-28 17:25:33,995 [INFO] Detected 6 markers: [203, 62, 23, 40, 124, 98]
2025-08-28 17:25:34,028 [INFO] Detected 6 markers: [203, 62, 23, 40, 124, 98]
2025-08-28 17:25:34,051 [INFO] Detected 6 markers: [203, 62, 23, 40, 124, 98]
2025-08-28 17:25:34,062 [INFO] Detected 6 markers: [203, 62, 23, 40, 124, 98]
2025-08-28 17:25:34,095 [INFO] Detected 6 markers: [203, 62, 23, 40, 124, 98]
2025-08-28 17:25:34,112 [INFO] Detected 6 markers: [203, 62, 23, 40, 124, 98]
2025-08-28 17:25:34,129 [INFO] Detected 6 markers: [203, 62, 23, 40, 124, 98]
2025-08-28 17:25:34,167 [INFO] Detected 6 markers: [203, 62, 23, 40, 124, 98]
2025-08-28 17:25:34,185 [INFO] Detected 6 markers: [203, 62, 23, 40, 124, 98]
2025-08-28 17:25:34,211 [INFO] Detected 6 markers: [203, 62, 23, 40, 124, 98]
2025-08-28 17:25:34,228 [INFO] Detected 6 markers: [203, 62, 23, 40, 124, 98]
2025-08-28 17:25:34,261 [INFO] Detected 6 markers: [203, 62, 23, 40, 124, 98]
2025-08-28 17:25:34,285 [INFO] Detected 6 markers: [203, 62, 23, 40, 124, 98]
2025-08-28 17:25:34,312 [INFO] Detected 6 markers: [203, 62, 23, 40, 124, 98]
2025-08-28 17:25:34,328 [INFO] Detected 6 markers: [203, 62, 23, 40, 124, 98]
2025-08-28 17:25:34,345 [INFO] Detected 6 markers: [203, 62, 23, 40, 124, 98]
2025-08-28 17:25:34,379 [INFO] Detected 6 markers: [203, 62, 23, 40, 124, 98]
2025-08-28 17:25:34,400 [INFO] Detected 6 markers: [203, 62, 23, 40, 124, 98]
2025-08-28 17:25:34,434 [INFO] Detected 6 markers: [62, 203, 23, 40, 124, 98]
2025-08-28 17:25:34,451 [INFO] Detected 6 markers: [203, 62, 23, 40, 124, 98]
2025-08-28 17:25:34,487 [INFO] Detected 6 markers: [203, 62, 23, 40, 124, 98]
2025-08-28 17:25:34,512 [INFO] Detected 6 markers: [203, 62, 23, 40, 124, 98]
2025-08-28 17:25:34,528 [INFO] Detected 6 markers: [203, 62, 23, 40, 124, 98]
2025-08-28 17:25:34,562 [INFO] Detected 6 markers: [203, 62, 23, 40, 124, 98]
2025-08-28 17:25:34,597 [INFO] Detected 6 markers: [203, 62, 23, 40, 124, 98]
2025-08-28 17:25:34,617 [INFO] Detected 6 markers: [203, 62, 23, 40, 124, 98]
2025-08-28 17:25:34,644 [INFO] Detected 6 markers: [203, 62, 23, 40, 98, 124]
2025-08-28 17:25:34,667 [INFO] Detected 6 markers: [203, 62, 23, 40, 124, 98]
2025-08-28 17:25:34,695 [INFO] Detected 6 markers: [203, 62, 23, 40, 124, 98]
2025-08-28 17:25:34,728 [INFO] Detected 6 markers: [203, 62, 23, 40, 124, 98]
2025-08-28 17:25:34,745 [INFO] Detected 5 markers: [203, 62, 23, 98, 124]
2025-08-28 17:25:34,778 [INFO] Detected 6 markers: [203, 62, 23, 40, 98, 124]
2025-08-28 17:25:34,795 [INFO] Detected 6 markers: [203, 62, 23, 40, 124, 98]
2025-08-28 17:25:34,845 [INFO] Detected 6 markers: [203, 62, 23, 40, 124, 98]
2025-08-28 17:25:34,867 [INFO] Detected 6 markers: [203, 62, 23, 40, 124, 98]
2025-08-28 17:25:34,898 [INFO] Detected 6 markers: [203, 62, 23, 40, 124, 98]
2025-08-28 17:25:34,933 [INFO] Detected 6 markers: [203, 62, 23, 40, 124, 98]
2025-08-28 17:25:34,962 [INFO] Detected 6 markers: [203, 62, 23, 40, 124, 98]
2025-08-28 17:25:34,986 [INFO] Detected 6 markers: [62, 203, 23, 40, 124, 98]
2025-08-28 17:25:35,011 [INFO] Detected 6 markers: [203, 62, 23, 40, 124, 98]
2025-08-28 17:25:35,044 [INFO] Detected 6 markers: [203, 62, 23, 40, 124, 98]
2025-08-28 17:25:35,083 [INFO] Detected 6 markers: [203, 62, 23, 40, 98, 124]
2025-08-28 17:25:35,127 [INFO] Detected 6 markers: [203, 62, 23, 40, 124, 98]
2025-08-28 17:25:35,151 [INFO] Detected 6 markers: [203, 62, 23, 40, 124, 98]
2025-08-28 17:25:35,179 [INFO] Detected 6 markers: [203, 62, 23, 40, 124, 98]
2025-08-28 17:25:35,214 [INFO] Detected 6 markers: [203, 62, 23, 40, 124, 98]
2025-08-28 17:25:35,247 [INFO] Detected 6 markers: [203, 62, 23, 40, 124, 98]
2025-08-28 17:25:35,268 [INFO] Detected 6 markers: [203, 62, 23, 40, 124, 98]
2025-08-28 17:25:35,311 [INFO] Detected 6 markers: [203, 62, 23, 40, 124, 98]
2025-08-28 17:25:35,334 [INFO] Detected 6 markers: [203, 62, 23, 40, 124, 98]
2025-08-28 17:25:35,362 [INFO] Detected 6 markers: [203, 62, 23, 40, 124, 98]
2025-08-28 17:25:35,394 [INFO] Detected 6 markers: [62, 203, 23, 40, 124, 98]
2025-08-28 17:25:35,435 [INFO] Detected 6 markers: [203, 62, 23, 40, 98, 124]
2025-08-28 17:25:35,479 [INFO] Detected 6 markers: [203, 62, 23, 40, 98, 124]
2025-08-28 17:25:35,517 [INFO] Detected 6 markers: [203, 62, 23, 40, 124, 98]
2025-08-28 17:25:35,551 [INFO] Detected 6 markers: [203, 62, 23, 40, 124, 98]
2025-08-28 17:25:35,589 [INFO] Detected 6 markers: [203, 62, 23, 40, 124, 98]
2025-08-28 17:25:35,612 [INFO] Detected 6 markers: [203, 62, 23, 40, 124, 98]
2025-08-28 17:25:35,645 [INFO] Detected 6 markers: [62, 203, 23, 40, 124, 98]
2025-08-28 17:25:35,678 [INFO] Detected 6 markers: [203, 62, 23, 40, 124, 98]
2025-08-28 17:25:35,717 [INFO] Detected 6 markers: [203, 62, 23, 40, 124, 98]
2025-08-28 17:25:35,745 [INFO] Detected 6 markers: [203, 62, 23, 40, 124, 98]
2025-08-28 17:25:35,767 [INFO] Detected 6 markers: [203, 62, 23, 40, 98, 124]
2025-08-28 17:25:35,795 [INFO] Detected 6 markers: [203, 62, 23, 40, 124, 98]
2025-08-28 17:25:35,828 [INFO] Detected 5 markers: [203, 62, 40, 124, 98]
2025-08-28 17:25:35,845 [INFO] Detected 3 markers: [203, 23, 98]
2025-08-28 17:25:35,887 [INFO] Detected 2 markers: [23, 98]
2025-08-28 17:25:35,912 [INFO] Detected 1 markers: [124]
2025-08-28 17:25:35,961 [INFO] Detected 2 markers: [98, 124]
2025-08-28 17:25:35,987 [INFO] Detected 1 markers: [124]
2025-08-28 17:25:36,011 [INFO] Detected 6 markers: [203, 62, 23, 40, 98, 124]
2025-08-28 17:25:36,044 [INFO] Detected 5 markers: [203, 62, 40, 98, 124]
2025-08-28 17:25:36,087 [INFO] Detected 3 markers: [203, 62, 40]
2025-08-28 17:25:36,111 [INFO] Detected 3 markers: [203, 62, 23]
2025-08-28 17:25:36,133 [INFO] Detected 2 markers: [203, 40]
2025-08-28 17:25:36,181 [INFO] Detected 4 markers: [203, 23, 40, 124]
2025-08-28 17:25:36,211 [INFO] Detected 5 markers: [203, 23, 40, 98, 124]
2025-08-28 17:25:36,245 [INFO] Detected 5 markers: [62, 203, 40, 98, 124]
2025-08-28 17:25:36,279 [INFO] Detected 6 markers: [62, 203, 23, 40, 98, 124]
2025-08-28 17:25:36,313 [INFO] Detected 6 markers: [62, 203, 23, 40, 98, 124]
2025-08-28 17:25:36,334 [INFO] Detected 6 markers: [203, 62, 23, 40, 98, 124]
2025-08-28 17:25:36,361 [INFO] Detected 6 markers: [62, 203, 23, 40, 98, 124]
2025-08-28 17:25:36,395 [INFO] Detected 5 markers: [203, 62, 23, 40, 98]
2025-08-28 17:25:36,448 [INFO] Detected 6 markers: [203, 62, 23, 40, 124, 98]
2025-08-28 17:25:36,488 [INFO] Detected 6 markers: [203, 62, 23, 40, 124, 98]
2025-08-28 17:25:36,517 [INFO] Detected 6 markers: [62, 203, 23, 40, 124, 98]
2025-08-28 17:25:36,545 [INFO] Detected 6 markers: [203, 62, 23, 40, 124, 98]
2025-08-28 17:25:36,578 [INFO] Detected 6 markers: [203, 62, 23, 40, 124, 98]
2025-08-28 17:25:36,611 [INFO] Detected 6 markers: [203, 62, 23, 40, 98, 124]
2025-08-28 17:25:36,634 [INFO] Detected 6 markers: [203, 62, 23, 40, 98, 124]
2025-08-28 17:25:36,661 [INFO] Detected 6 markers: [203, 62, 23, 40, 124, 98]
2025-08-28 17:25:36,688 [INFO] Detected 6 markers: [203, 62, 23, 40, 124, 98]
2025-08-28 17:25:36,718 [INFO] Detected 6 markers: [203, 62, 23, 40, 98, 124]
2025-08-28 17:25:36,746 [INFO] Detected 6 markers: [203, 62, 23, 40, 124, 98]
2025-08-28 17:25:36,768 [INFO] Detected 6 markers: [203, 62, 23, 40, 124, 98]
2025-08-28 17:25:36,795 [INFO] Detected 6 markers: [203, 62, 23, 40, 124, 98]
2025-08-28 17:25:36,830 [INFO] Detected 5 markers: [203, 62, 40, 124, 98]
2025-08-28 17:25:36,851 [INFO] Detected 6 markers: [203, 62, 23, 40, 124, 98]
2025-08-28 17:25:36,878 [INFO] Detected 6 markers: [203, 62, 23, 40, 98, 124]
2025-08-28 17:25:36,912 [INFO] Detected 6 markers: [203, 62, 23, 40, 124, 98]
2025-08-28 17:25:36,950 [INFO] Detected 6 markers: [203, 62, 23, 40, 124, 98]
2025-08-28 17:25:36,984 [INFO] Detected 6 markers: [62, 203, 23, 40, 124, 98]
2025-08-28 17:25:37,018 [INFO] Detected 6 markers: [62, 203, 23, 40, 98, 124]
2025-08-28 17:25:37,035 [INFO] Detected 6 markers: [203, 62, 23, 40, 98, 124]
2025-08-28 17:25:37,062 [INFO] Detected 6 markers: [203, 62, 23, 40, 98, 124]
2025-08-28 17:25:37,100 [INFO] Detected 6 markers: [62, 203, 23, 40, 124, 98]
2025-08-28 17:25:37,117 [INFO] Detected 6 markers: [203, 62, 23, 40, 98, 124]
2025-08-28 17:25:37,145 [INFO] Detected 6 markers: [203, 62, 23, 40, 124, 98]
2025-08-28 17:25:37,180 [INFO] Detected 6 markers: [203, 62, 23, 40, 124, 98]
2025-08-28 17:25:37,201 [INFO] Detected 6 markers: [203, 62, 23, 40, 98, 124]
2025-08-28 17:25:37,212 [INFO] Detected 6 markers: [203, 62, 23, 40, 124, 98]
2025-08-28 17:25:37,250 [INFO] Detected 6 markers: [203, 62, 23, 40, 124, 98]
2025-08-28 17:25:37,267 [INFO] Detected 6 markers: [203, 62, 23, 40, 124, 98]
2025-08-28 17:25:37,300 [INFO] Detected 6 markers: [203, 62, 23, 40, 98, 124]
2025-08-28 17:25:37,327 [INFO] Detected 6 markers: [203, 62, 23, 40, 98, 124]
2025-08-28 17:25:37,350 [INFO] Detected 6 markers: [62, 203, 23, 40, 98, 124]
2025-08-28 17:25:37,368 [INFO] Detected 6 markers: [62, 203, 23, 40, 98, 124]
2025-08-28 17:25:37,395 [INFO] Detected 6 markers: [62, 203, 23, 40, 98, 124]
2025-08-28 17:25:37,418 [INFO] Detected 6 markers: [203, 62, 23, 98, 40, 124]
2025-08-28 17:25:37,445 [INFO] Detected 6 markers: [62, 203, 23, 40, 124, 98]
2025-08-28 17:25:37,465 [INFO] Detected 6 markers: [62, 203, 23, 98, 40, 124]
2025-08-28 17:25:37,499 [INFO] Detected 6 markers: [203, 62, 23, 40, 98, 124]
2025-08-28 17:25:37,534 [INFO] Detected 6 markers: [62, 23, 203, 40, 98, 124]
2025-08-28 17:25:37,551 [INFO] Detected 6 markers: [62, 203, 23, 40, 98, 124]
2025-08-28 17:25:37,579 [INFO] Detected 6 markers: [62, 203, 40, 23, 98, 124]
2025-08-28 17:25:37,595 [INFO] Detected 6 markers: [203, 62, 40, 23, 98, 124]
2025-08-28 17:25:37,611 [INFO] Detected 6 markers: [40, 62, 203, 98, 23, 124]
2025-08-28 17:25:37,648 [INFO] Detected 6 markers: [62, 40, 203, 23, 98, 124]
2025-08-28 17:25:37,667 [INFO] Detected 6 markers: [62, 203, 40, 23, 98, 124]
2025-08-28 17:25:37,695 [INFO] Detected 6 markers: [62, 40, 203, 23, 98, 124]
2025-08-28 17:25:37,712 [INFO] Detected 7 markers: [40, 62, 203, 23, 98, 124, 40]
2025-08-28 17:25:37,744 [INFO] Detected 8 markers: [62, 40, 98, 203, 23, 124, 40, 98]
2025-08-28 17:25:37,767 [INFO] Detected 6 markers: [62, 203, 40, 98, 23, 124]
2025-08-28 17:25:37,790 [INFO] Detected 6 markers: [62, 203, 40, 98, 23, 124]
2025-08-28 17:25:37,816 [INFO] Detected 5 markers: [23, 203, 62, 98, 124]
2025-08-28 17:25:37,834 [INFO] Detected 6 markers: [40, 98, 62, 203, 23, 124]
2025-08-28 17:25:37,861 [INFO] Detected 7 markers: [40, 203, 62, 98, 23, 124, 62]
2025-08-28 17:25:37,878 [INFO] Detected 6 markers: [62, 98, 203, 40, 23, 124]
2025-08-28 17:25:37,895 [INFO] Detected 6 markers: [40, 98, 62, 203, 23, 124]
2025-08-28 17:25:37,933 [INFO] Detected 6 markers: [98, 23, 40, 62, 124, 203]
2025-08-28 17:25:37,950 [INFO] Detected 6 markers: [62, 40, 23, 124, 98, 203]
2025-08-28 17:25:37,978 [INFO] Detected 6 markers: [40, 98, 23, 62, 124, 203]
2025-08-28 17:25:37,994 [INFO] Detected 6 markers: [98, 40, 62, 203, 23, 124]
2025-08-28 17:25:38,033 [INFO] Detected 6 markers: [62, 40, 98, 23, 124, 203]
2025-08-28 17:25:38,060 [INFO] Detected 6 markers: [98, 62, 40, 23, 124, 203]
2025-08-28 17:25:38,082 [INFO] Detected 6 markers: [98, 40, 62, 124, 23, 203]
2025-08-28 17:25:38,095 [INFO] Detected 6 markers: [98, 40, 23, 62, 124, 203]
2025-08-28 17:25:38,112 [INFO] Detected 6 markers: [98, 40, 124, 62, 23, 203]
2025-08-28 17:25:38,150 [INFO] Detected 6 markers: [98, 40, 124, 62, 23, 203]
2025-08-28 17:25:38,168 [INFO] Detected 6 markers: [98, 40, 23, 124, 62, 203]
2025-08-28 17:25:38,190 [INFO] Detected 6 markers: [40, 98, 124, 23, 62, 203]
2025-08-28 17:25:38,214 [INFO] Detected 6 markers: [40, 98, 124, 23, 203, 62]
2025-08-28 17:25:38,228 [INFO] Detected 7 markers: [40, 98, 124, 203, 23, 62, 203]
2025-08-28 17:25:38,245 [INFO] Detected 6 markers: [98, 40, 124, 23, 62, 203]
2025-08-28 17:25:38,284 [INFO] Detected 6 markers: [98, 124, 40, 23, 62, 203]
2025-08-28 17:25:38,301 [INFO] Detected 6 markers: [40, 98, 124, 23, 62, 203]
2025-08-28 17:25:38,328 [INFO] Detected 7 markers: [98, 40, 124, 23, 62, 203, 203]
2025-08-28 17:25:38,351 [INFO] Detected 6 markers: [98, 40, 124, 62, 23, 203]
2025-08-28 17:25:38,361 [INFO] Detected 6 markers: [98, 40, 124, 23, 62, 203]
2025-08-28 17:25:38,399 [INFO] Detected 6 markers: [98, 40, 124, 23, 62, 203]
2025-08-28 17:25:38,434 [INFO] Detected 6 markers: [98, 40, 124, 23, 62, 203]
2025-08-28 17:25:38,451 [INFO] Detected 7 markers: [98, 40, 124, 23, 62, 203, 203]
2025-08-28 17:25:38,479 [INFO] Detected 6 markers: [98, 40, 124, 23, 203, 62]
2025-08-28 17:25:38,495 [INFO] Detected 6 markers: [98, 40, 124, 23, 62, 203]
2025-08-28 17:25:38,534 [INFO] Detected 6 markers: [40, 98, 124, 23, 62, 203]
2025-08-28 17:25:38,551 [INFO] Detected 6 markers: [40, 98, 23, 124, 62, 203]
2025-08-28 17:25:38,578 [INFO] Detected 6 markers: [98, 40, 124, 62, 23, 203]
2025-08-28 17:25:38,601 [INFO] Detected 6 markers: [40, 98, 124, 23, 62, 203]
2025-08-28 17:25:38,629 [INFO] Detected 5 markers: [124, 23, 98, 62, 203]
2025-08-28 17:25:38,650 [INFO] Detected 4 markers: [62, 203, 124, 23]
2025-08-28 17:25:38,678 [INFO] Detected 6 markers: [40, 98, 203, 124, 62, 23]
2025-08-28 17:25:38,695 [INFO] Detected 6 markers: [62, 40, 203, 23, 98, 124]
2025-08-28 17:25:38,727 [INFO] Detected 5 markers: [62, 23, 98, 203, 124]
2025-08-28 17:25:38,750 [INFO] Detected 6 markers: [40, 62, 98, 203, 23, 124]
2025-08-28 17:25:38,762 [INFO] Detected 6 markers: [62, 40, 203, 23, 124, 98]
2025-08-28 17:25:38,796 [INFO] Detected 4 markers: [62, 203, 23, 124]
2025-08-28 17:25:38,818 [INFO] Detected 6 markers: [203, 40, 62, 23, 98, 124]
2025-08-28 17:25:38,845 [INFO] Detected 5 markers: [62, 40, 203, 23, 124]
2025-08-28 17:25:38,861 [INFO] Detected 4 markers: [62, 203, 23, 124]
2025-08-28 17:25:38,894 [INFO] Detected 4 markers: [203, 23, 62, 124]
2025-08-28 17:25:38,934 [INFO] No markers detected in this frame.
2025-08-28 17:25:38,951 [INFO] Detected 4 markers: [203, 23, 98, 124]
2025-08-28 17:25:38,965 [INFO] Detected 5 markers: [203, 62, 23, 98, 124]
2025-08-28 17:25:39,001 [INFO] Detected 3 markers: [62, 203, 23]
2025-08-28 17:25:39,032 [INFO] Detected 5 markers: [62, 203, 23, 98, 124]
2025-08-28 17:25:39,064 [INFO] Detected 2 markers: [203, 23]
2025-08-28 17:25:39,084 [INFO] Detected 2 markers: [203, 23]
2025-08-28 17:25:39,111 [INFO] No markers detected in this frame.
2025-08-28 17:25:39,134 [INFO] No markers detected in this frame.
2025-08-28 17:25:39,161 [INFO] No markers detected in this frame.
2025-08-28 17:25:39,180 [INFO] No markers detected in this frame.
2025-08-28 17:25:39,195 [INFO] No markers detected in this frame.
2025-08-28 17:25:39,233 [INFO] No markers detected in this frame.
2025-08-28 17:25:39,261 [INFO] No markers detected in this frame.
2025-08-28 17:25:39,295 [INFO] No markers detected in this frame.
2025-08-28 17:25:39,334 [INFO] No markers detected in this frame.
2025-08-28 17:25:39,363 [INFO] No markers detected in this frame.
2025-08-28 17:25:39,384 [INFO] No markers detected in this frame.
2025-08-28 17:25:39,419 [INFO] No markers detected in this frame.
2025-08-28 17:25:39,449 [INFO] No markers detected in this frame.
2025-08-28 17:25:39,462 [INFO] No markers detected in this frame.
2025-08-28 17:25:39,502 [INFO] No markers detected in this frame.
2025-08-28 17:25:39,534 [INFO] No markers detected in this frame.
2025-08-28 17:25:39,575 [INFO] No markers detected in this frame.
2025-08-28 17:25:39,598 [INFO] No markers detected in this frame.
2025-08-28 17:25:39,628 [INFO] No markers detected in this frame.
2025-08-28 17:25:39,661 [INFO] No markers detected in this frame.
2025-08-28 17:25:39,695 [INFO] No markers detected in this frame.
2025-08-28 17:25:39,717 [INFO] No markers detected in this frame.
2025-08-28 17:25:39,745 [INFO] No markers detected in this frame.
2025-08-28 17:25:39,782 [INFO] No markers detected in this frame.
2025-08-28 17:25:39,800 [INFO] No markers detected in this frame.
2025-08-28 17:25:39,833 [INFO] Detected 1 markers: [98]
2025-08-28 17:25:39,864 [INFO] Detected 1 markers: [98]
2025-08-28 17:25:39,892 [INFO] Detected 1 markers: [98]
2025-08-28 17:25:39,912 [INFO] Detected 1 markers: [98]
2025-08-28 17:25:39,950 [INFO] Detected 1 markers: [98]
2025-08-28 17:25:39,978 [INFO] Detected 1 markers: [98]
2025-08-28 17:25:40,015 [INFO] No markers detected in this frame.
2025-08-28 17:25:40,051 [INFO] No markers detected in this frame.
2025-08-28 17:25:40,084 [INFO] Detected 1 markers: [62]
2025-08-28 17:25:40,115 [INFO] Detected 4 markers: [203, 62, 23, 98]
2025-08-28 17:25:40,146 [INFO] Detected 6 markers: [203, 62, 23, 40, 98, 124]
2025-08-28 17:25:40,167 [INFO] Detected 6 markers: [203, 62, 23, 40, 98, 124]
2025-08-28 17:25:40,195 [INFO] Detected 6 markers: [62, 203, 23, 40, 98, 124]
2025-08-28 17:25:40,228 [INFO] Detected 6 markers: [203, 62, 23, 40, 98, 124]
2025-08-28 17:25:40,261 [INFO] Detected 6 markers: [62, 203, 40, 23, 98, 124]
2025-08-28 17:25:40,298 [INFO] Detected 6 markers: [62, 203, 23, 40, 98, 124]
2025-08-28 17:25:40,333 [INFO] Detected 5 markers: [62, 203, 40, 98, 124]
2025-08-28 17:25:40,362 [INFO] Detected 6 markers: [62, 203, 40, 23, 98, 124]
2025-08-28 17:25:40,384 [INFO] Detected 6 markers: [62, 203, 23, 40, 124, 98]
2025-08-28 17:25:40,432 [INFO] Detected 6 markers: [62, 203, 23, 40, 124, 98]
2025-08-28 17:25:40,461 [INFO] Detected 5 markers: [62, 203, 23, 40, 124]
2025-08-28 17:25:40,501 [INFO] Detected 4 markers: [62, 23, 98, 124]
2025-08-28 17:25:40,547 [INFO] Detected 3 markers: [62, 23, 98]
2025-08-28 17:25:40,568 [INFO] Detected 1 markers: [98]
2025-08-28 17:25:40,595 [INFO] No markers detected in this frame.
2025-08-28 17:25:40,627 [INFO] No markers detected in this frame.
2025-08-28 17:25:40,651 [INFO] No markers detected in this frame.
2025-08-28 17:25:40,684 [INFO] No markers detected in this frame.
2025-08-28 17:25:40,712 [INFO] No markers detected in this frame.
2025-08-28 17:25:40,737 [INFO] No markers detected in this frame.
2025-08-28 17:25:40,762 [INFO] No markers detected in this frame.
2025-08-28 17:25:40,784 [INFO] No markers detected in this frame.
2025-08-28 17:25:40,820 [INFO] No markers detected in this frame.
2025-08-28 17:25:40,834 [INFO] No markers detected in this frame.
2025-08-28 17:25:40,867 [INFO] No markers detected in this frame.
2025-08-28 17:25:40,895 [INFO] No markers detected in this frame.
2025-08-28 17:25:40,925 [INFO] No markers detected in this frame.
2025-08-28 17:25:40,951 [INFO] No markers detected in this frame.
2025-08-28 17:25:40,983 [INFO] No markers detected in this frame.
2025-08-28 17:25:41,011 [INFO] No markers detected in this frame.
2025-08-28 17:25:41,034 [INFO] No markers detected in this frame.
2025-08-28 17:25:41,062 [INFO] No markers detected in this frame.
2025-08-28 17:25:41,084 [INFO] No markers detected in this frame.
2025-08-28 17:25:41,112 [INFO] No markers detected in this frame.
2025-08-28 17:25:41,134 [INFO] No markers detected in this frame.
2025-08-28 17:25:41,145 [INFO] No markers detected in this frame.
2025-08-28 17:25:41,178 [INFO] No markers detected in this frame.
2025-08-28 17:25:41,195 [INFO] No markers detected in this frame.
2025-08-28 17:25:41,212 [INFO] No markers detected in this frame.
2025-08-28 17:25:41,244 [INFO] No markers detected in this frame.
2025-08-28 17:25:41,261 [INFO] No markers detected in this frame.
2025-08-28 17:25:41,278 [INFO] No markers detected in this frame.
2025-08-28 17:25:41,312 [INFO] Detected 5 markers: [203, 62, 23, 98, 124]
2025-08-28 17:25:41,328 [INFO] Detected 6 markers: [203, 40, 62, 98, 23, 124]
2025-08-28 17:25:41,367 [INFO] Detected 5 markers: [62, 203, 23, 98, 124]
2025-08-28 17:25:41,384 [INFO] Detected 3 markers: [62, 23, 124]
2025-08-28 17:25:41,411 [INFO] Detected 5 markers: [62, 203, 23, 98, 124]
2025-08-28 17:25:41,444 [INFO] Detected 4 markers: [62, 23, 98, 124]
2025-08-28 17:25:41,468 [INFO] Detected 1 markers: [23]
2025-08-28 17:25:41,484 [INFO] No markers detected in this frame.
2025-08-28 17:25:41,498 [INFO] No markers detected in this frame.
2025-08-28 17:25:41,531 [INFO] No markers detected in this frame.
2025-08-28 17:25:41,551 [INFO] No markers detected in this frame.
2025-08-28 17:25:41,562 [INFO] No markers detected in this frame.
2025-08-28 17:25:41,578 [INFO] Detected 1 markers: [98]
2025-08-28 17:25:41,595 [INFO] Detected 5 markers: [40, 62, 98, 203, 124]
2025-08-28 17:25:41,630 [INFO] Detected 6 markers: [98, 23, 40, 62, 203, 124]
2025-08-28 17:25:41,651 [INFO] Detected 6 markers: [40, 98, 62, 23, 203, 124]
2025-08-28 17:25:41,678 [INFO] Detected 6 markers: [98, 40, 23, 124, 62, 203]
2025-08-28 17:25:41,695 [INFO] Detected 6 markers: [40, 98, 23, 124, 203, 62]
2025-08-28 17:25:41,729 [INFO] Detected 6 markers: [98, 40, 23, 62, 124, 203]
2025-08-28 17:25:41,751 [INFO] Detected 6 markers: [40, 98, 124, 23, 62, 203]
2025-08-28 17:25:41,762 [INFO] Detected 6 markers: [98, 40, 62, 124, 23, 203]
2025-08-28 17:25:41,795 [INFO] Detected 6 markers: [98, 40, 23, 124, 62, 203]
2025-08-28 17:25:41,817 [INFO] Detected 6 markers: [40, 98, 23, 62, 124, 203]
2025-08-28 17:25:41,829 [INFO] Detected 6 markers: [40, 98, 124, 23, 62, 203]
2025-08-28 17:25:41,861 [INFO] Detected 7 markers: [40, 98, 23, 62, 124, 203, 40]
2025-08-28 17:25:41,883 [INFO] Detected 8 markers: [40, 98, 23, 62, 124, 203, 98, 40]
2025-08-28 17:25:41,895 [INFO] Detected 8 markers: [40, 98, 124, 23, 62, 203, 98, 40]
2025-08-28 17:25:41,917 [INFO] Detected 6 markers: [40, 98, 124, 23, 62, 203]
2025-08-28 17:25:41,949 [INFO] Detected 8 markers: [40, 98, 62, 23, 124, 203, 40, 62]
2025-08-28 17:25:41,968 [INFO] Detected 9 markers: [40, 98, 23, 124, 62, 203, 98, 40, 62]
2025-08-28 17:25:41,995 [INFO] Detected 7 markers: [40, 98, 23, 124, 62, 203, 98]
2025-08-28 17:25:42,017 [INFO] Detected 7 markers: [40, 23, 98, 62, 124, 203, 40]
2025-08-28 17:25:42,029 [INFO] Detected 7 markers: [40, 98, 23, 62, 124, 203, 98]
2025-08-28 17:25:42,045 [INFO] Detected 9 markers: [98, 40, 23, 62, 124, 203, 98, 40, 62]
2025-08-28 17:25:42,080 [INFO] Detected 6 markers: [40, 98, 23, 203, 62, 124]
2025-08-28 17:25:42,101 [INFO] Detected 9 markers: [40, 98, 23, 124, 62, 203, 98, 40, 62]
2025-08-28 17:25:42,127 [INFO] Detected 6 markers: [40, 98, 23, 124, 62, 203]
2025-08-28 17:25:42,150 [INFO] Detected 6 markers: [40, 98, 23, 124, 62, 203]
2025-08-28 17:25:42,161 [INFO] Detected 7 markers: [40, 98, 124, 62, 23, 203, 40]
2025-08-28 17:25:42,198 [INFO] Detected 6 markers: [98, 40, 124, 23, 62, 203]
2025-08-28 17:25:42,229 [INFO] Detected 6 markers: [98, 40, 23, 62, 124, 203]
2025-08-28 17:25:42,251 [INFO] Detected 6 markers: [98, 40, 124, 23, 62, 203]
2025-08-28 17:25:42,284 [INFO] Detected 6 markers: [40, 98, 124, 23, 203, 62]
2025-08-28 17:25:42,301 [INFO] Detected 6 markers: [40, 98, 124, 23, 62, 203]
2025-08-28 17:25:42,345 [INFO] Detected 4 markers: [98, 23, 40, 124]
2025-08-28 17:25:42,367 [INFO] No markers detected in this frame.
2025-08-28 17:25:42,393 [INFO] Detected 1 markers: [23]
2025-08-28 17:25:42,418 [INFO] Detected 5 markers: [98, 40, 23, 124, 62]
2025-08-28 17:25:42,451 [INFO] Detected 6 markers: [98, 40, 23, 124, 62, 203]
2025-08-28 17:25:42,478 [INFO] Detected 6 markers: [98, 40, 124, 23, 62, 203]
2025-08-28 17:25:42,501 [INFO] Detected 6 markers: [98, 40, 124, 23, 62, 203]
2025-08-28 17:25:42,532 [INFO] Detected 6 markers: [98, 124, 40, 23, 62, 203]
2025-08-28 17:25:42,551 [INFO] Detected 6 markers: [98, 40, 124, 23, 62, 203]
2025-08-28 17:25:42,563 [INFO] Detected 6 markers: [98, 40, 124, 23, 62, 203]
2025-08-28 17:25:42,601 [INFO] Detected 6 markers: [98, 124, 40, 23, 62, 203]
2025-08-28 17:25:42,617 [INFO] Detected 6 markers: [98, 124, 40, 23, 62, 203]
2025-08-28 17:25:42,649 [INFO] Detected 6 markers: [98, 124, 40, 23, 62, 203]
2025-08-28 17:25:42,667 [INFO] Detected 6 markers: [98, 124, 40, 23, 62, 203]
2025-08-28 17:25:42,695 [INFO] Detected 7 markers: [98, 124, 40, 23, 62, 203, 62]
2025-08-28 17:25:42,729 [INFO] Detected 6 markers: [98, 40, 124, 23, 62, 203]
2025-08-28 17:25:42,763 [INFO] Detected 6 markers: [98, 40, 124, 23, 62, 203]
2025-08-28 17:25:42,778 [INFO] Detected 6 markers: [98, 40, 124, 23, 62, 203]
2025-08-28 17:25:42,812 [INFO] Detected 6 markers: [98, 124, 40, 23, 62, 203]
2025-08-28 17:25:42,836 [INFO] Detected 6 markers: [98, 40, 124, 23, 62, 203]
2025-08-28 17:25:42,862 [INFO] Detected 6 markers: [98, 40, 124, 23, 62, 203]
2025-08-28 17:25:42,879 [INFO] Detected 7 markers: [98, 40, 124, 23, 62, 203, 62]
2025-08-28 17:25:42,912 [INFO] Detected 7 markers: [98, 40, 124, 23, 62, 203, 62]
2025-08-28 17:25:42,935 [INFO] Detected 7 markers: [98, 40, 124, 23, 62, 203, 62]
2025-08-28 17:25:42,945 [INFO] Detected 7 markers: [98, 40, 124, 23, 62, 203, 62]
2025-08-28 17:25:42,962 [INFO] Detected 7 markers: [98, 40, 124, 23, 62, 203, 62]
2025-08-28 17:25:42,995 [INFO] Detected 8 markers: [98, 40, 124, 23, 62, 203, 23, 62]
2025-08-28 17:25:43,016 [INFO] Detected 7 markers: [98, 40, 124, 23, 62, 203, 62]
2025-08-28 17:25:43,028 [INFO] Detected 7 markers: [98, 40, 124, 23, 62, 203, 23]
2025-08-28 17:25:43,045 [INFO] Detected 8 markers: [98, 40, 124, 23, 62, 203, 23, 62]
2025-08-28 17:25:43,081 [INFO] Detected 7 markers: [98, 40, 124, 23, 62, 203, 62]
2025-08-28 17:25:43,101 [INFO] Detected 8 markers: [98, 40, 124, 23, 62, 203, 23, 62]
2025-08-28 17:25:43,128 [INFO] Detected 8 markers: [98, 40, 124, 23, 62, 203, 23, 62]
2025-08-28 17:25:43,151 [INFO] Detected 8 markers: [98, 40, 124, 23, 62, 203, 23, 62]
2025-08-28 17:25:43,179 [INFO] Detected 7 markers: [98, 40, 124, 62, 23, 203, 62]
2025-08-28 17:25:43,201 [INFO] Detected 6 markers: [98, 40, 62, 23, 124, 203]
2025-08-28 17:25:43,212 [INFO] Detected 7 markers: [98, 40, 124, 62, 23, 203, 62]
2025-08-28 17:25:43,245 [INFO] Detected 7 markers: [98, 40, 23, 124, 62, 203, 62]
2025-08-28 17:25:43,262 [INFO] Detected 8 markers: [98, 40, 124, 23, 62, 203, 62, 203]
2025-08-28 17:25:43,295 [INFO] Detected 8 markers: [98, 40, 124, 23, 62, 203, 23, 62]
2025-08-28 17:25:43,317 [INFO] Detected 8 markers: [40, 98, 124, 23, 62, 203, 23, 62]
2025-08-28 17:25:43,345 [INFO] Detected 7 markers: [98, 40, 124, 23, 62, 203, 62]
2025-08-28 17:25:43,368 [INFO] Detected 6 markers: [40, 98, 62, 124, 23, 203]
2025-08-28 17:25:43,395 [INFO] Detected 6 markers: [98, 40, 124, 23, 62, 203]
2025-08-28 17:25:43,419 [INFO] Detected 6 markers: [98, 40, 62, 124, 23, 203]
2025-08-28 17:25:43,445 [INFO] Detected 6 markers: [40, 98, 62, 124, 23, 203]
2025-08-28 17:25:43,480 [INFO] Detected 6 markers: [98, 40, 62, 124, 23, 203]
2025-08-28 17:25:43,501 [INFO] Detected 6 markers: [40, 98, 62, 124, 23, 203]
2025-08-28 17:25:43,512 [INFO] Detected 6 markers: [40, 98, 62, 23, 124, 203]
2025-08-28 17:25:43,550 [INFO] Detected 6 markers: [98, 40, 62, 23, 124, 203]
2025-08-28 17:25:43,562 [INFO] Detected 6 markers: [98, 40, 62, 23, 124, 203]
2025-08-28 17:25:43,601 [INFO] Detected 6 markers: [40, 98, 62, 23, 124, 203]
2025-08-28 17:25:43,618 [INFO] Detected 6 markers: [40, 98, 62, 203, 124, 23]
2025-08-28 17:25:43,645 [INFO] Detected 7 markers: [98, 40, 62, 23, 124, 203, 23]
2025-08-28 17:25:43,668 [INFO] Detected 6 markers: [40, 98, 62, 23, 203, 124]
2025-08-28 17:25:43,695 [INFO] Detected 6 markers: [40, 98, 62, 23, 203, 124]
2025-08-28 17:25:43,717 [INFO] Detected 6 markers: [40, 98, 62, 203, 23, 124]
2025-08-28 17:25:43,729 [INFO] Detected 6 markers: [40, 98, 62, 23, 203, 124]
2025-08-28 17:25:43,761 [INFO] Detected 6 markers: [40, 98, 62, 23, 124, 203]
2025-08-28 17:25:43,778 [INFO] Detected 7 markers: [40, 98, 62, 23, 203, 124, 62]
2025-08-28 17:25:43,796 [INFO] Detected 5 markers: [40, 98, 62, 23, 203]
2025-08-28 17:25:43,828 [INFO] Detected 7 markers: [40, 98, 62, 23, 203, 124, 23]
2025-08-28 17:25:43,851 [INFO] Detected 6 markers: [40, 98, 62, 23, 124, 203]
2025-08-28 17:25:43,877 [INFO] Detected 6 markers: [40, 98, 62, 23, 203, 124]
2025-08-28 17:25:43,901 [INFO] Detected 6 markers: [40, 98, 62, 23, 203, 124]
2025-08-28 17:25:43,929 [INFO] Detected 6 markers: [40, 98, 62, 203, 23, 124]
2025-08-28 17:25:43,951 [INFO] Detected 6 markers: [40, 98, 62, 23, 203, 124]
2025-08-28 17:25:43,962 [INFO] Detected 6 markers: [40, 98, 62, 23, 124, 203]
2025-08-28 17:25:43,996 [INFO] Detected 4 markers: [40, 98, 62, 203]
2025-08-28 17:25:44,028 [INFO] Detected 5 markers: [40, 98, 62, 203, 203]
2025-08-28 17:25:44,065 [INFO] Detected 4 markers: [40, 62, 203, 23]
2025-08-28 17:25:44,084 [INFO] Detected 4 markers: [40, 98, 62, 203]
2025-08-28 17:25:44,112 [INFO] Detected 3 markers: [40, 62, 203]
2025-08-28 17:25:44,129 [INFO] Detected 5 markers: [40, 62, 23, 203, 23]
2025-08-28 17:28:04,396 [INFO] Starting video processing... Press 'q' to quit. 
2025-08-28 17:28:04,400 [INFO] Saving processed video to output\output_video.avi
2025-08-28 17:28:04,497 [INFO] Detected 6 markers: [62, 203, 23, 40, 98, 124]
2025-08-28 17:28:04,648 [INFO] Detected 6 markers: [62, 203, 23, 40, 124, 98]
2025-08-28 17:28:04,711 [INFO] Detected 6 markers: [203, 62, 40, 23, 124, 98]
2025-08-28 17:28:04,782 [INFO] Detected 6 markers: [62, 203, 23, 40, 124, 98]
2025-08-28 17:28:04,830 [INFO] Detected 6 markers: [62, 203, 23, 40, 98, 124]
2025-08-28 17:28:04,896 [INFO] Detected 6 markers: [62, 203, 23, 40, 98, 124]
2025-08-28 17:28:04,963 [INFO] Detected 6 markers: [203, 62, 23, 40, 98, 124]
2025-08-28 17:28:05,021 [INFO] Detected 6 markers: [62, 203, 23, 40, 98, 124]
2025-08-28 17:28:05,076 [INFO] Detected 6 markers: [62, 203, 40, 23, 124, 98]
2025-08-28 17:28:05,157 [INFO] Detected 6 markers: [62, 203, 23, 40, 98, 124]
2025-08-28 17:28:05,214 [INFO] Detected 6 markers: [203, 62, 23, 40, 98, 124]
2025-08-28 17:28:05,279 [INFO] Detected 6 markers: [203, 62, 23, 40, 98, 124]
2025-08-28 17:28:05,346 [INFO] Detected 6 markers: [62, 203, 23, 40, 124, 98]
2025-08-28 17:28:05,412 [INFO] Detected 6 markers: [62, 203, 23, 40, 124, 98]
2025-08-28 17:28:05,463 [INFO] Detected 6 markers: [203, 62, 23, 40, 98, 124]
2025-08-28 17:28:05,536 [INFO] Detected 6 markers: [62, 203, 23, 40, 98, 124]
2025-08-28 17:28:05,595 [INFO] Detected 6 markers: [62, 203, 23, 40, 98, 124]
2025-08-28 17:28:05,644 [INFO] Detected 6 markers: [62, 203, 23, 40, 98, 124]
2025-08-28 17:28:05,707 [INFO] Detected 6 markers: [62, 203, 23, 40, 98, 124]
2025-08-28 17:28:05,761 [INFO] Detected 6 markers: [62, 203, 23, 40, 124, 98]
2025-08-28 17:28:05,805 [INFO] Detected 6 markers: [203, 62, 23, 40, 98, 124]
2025-08-28 17:28:05,877 [INFO] Detected 6 markers: [62, 203, 23, 40, 98, 124]
2025-08-28 17:28:05,929 [INFO] Detected 6 markers: [203, 62, 23, 40, 124, 98]
2025-08-28 17:28:05,997 [INFO] Detected 6 markers: [62, 203, 23, 40, 98, 124]
2025-08-28 17:28:06,065 [INFO] Detected 6 markers: [62, 203, 23, 40, 124, 98]
2025-08-28 17:28:06,126 [INFO] Detected 6 markers: [203, 62, 40, 23, 98, 124]
2025-08-28 17:28:06,183 [INFO] Detected 6 markers: [62, 203, 23, 40, 124, 98]
2025-08-28 17:28:06,267 [INFO] Detected 6 markers: [62, 203, 40, 23, 98, 124]
2025-08-28 17:28:06,323 [INFO] Detected 6 markers: [203, 62, 23, 40, 98, 124]
2025-08-28 17:28:06,396 [INFO] Detected 6 markers: [62, 203, 40, 23, 98, 124]
2025-08-28 17:28:06,467 [INFO] Detected 6 markers: [62, 203, 23, 40, 98, 124]
2025-08-28 17:28:06,533 [INFO] Detected 6 markers: [62, 203, 23, 40, 98, 124]
2025-08-28 17:28:06,585 [INFO] Detected 6 markers: [62, 203, 23, 40, 98, 124]
2025-08-28 17:28:06,659 [INFO] Detected 6 markers: [62, 203, 23, 40, 98, 124]
2025-08-28 17:28:06,714 [INFO] Detected 6 markers: [203, 62, 23, 40, 98, 124]
2025-08-28 17:28:06,774 [INFO] Detected 6 markers: [62, 203, 40, 23, 124, 98]
2025-08-28 17:28:06,827 [INFO] Detected 6 markers: [62, 203, 40, 23, 98, 124]
2025-08-28 17:28:06,886 [INFO] Detected 6 markers: [62, 203, 40, 23, 98, 124]
2025-08-28 17:28:06,934 [INFO] Detected 6 markers: [203, 62, 40, 23, 98, 124]
2025-08-28 17:28:07,003 [INFO] Detected 6 markers: [62, 203, 40, 23, 98, 124]
2025-08-28 17:28:07,055 [INFO] Detected 6 markers: [62, 203, 40, 23, 124, 98]
2025-08-28 17:28:07,120 [INFO] Detected 6 markers: [62, 203, 40, 23, 124, 98]
2025-08-28 17:28:07,179 [INFO] Detected 6 markers: [62, 203, 40, 23, 98, 124]
2025-08-28 17:28:07,248 [INFO] Detected 6 markers: [62, 203, 40, 98, 23, 124]
2025-08-28 17:28:07,305 [INFO] Detected 6 markers: [62, 203, 23, 40, 98, 124]
2025-08-28 17:28:07,382 [INFO] Detected 6 markers: [62, 40, 23, 203, 98, 124]
2025-08-28 17:28:07,437 [INFO] Detected 7 markers: [62, 40, 203, 23, 98, 124, 98]
2025-08-28 17:28:07,496 [INFO] Detected 6 markers: [62, 203, 23, 40, 98, 124]
2025-08-28 17:28:07,564 [INFO] Detected 6 markers: [62, 203, 40, 124, 23, 98]
2025-08-28 17:28:07,620 [INFO] Detected 6 markers: [62, 40, 203, 23, 98, 124]
2025-08-28 17:28:07,679 [INFO] Detected 7 markers: [62, 203, 40, 23, 98, 124, 98]
2025-08-28 17:28:07,733 [INFO] Detected 7 markers: [40, 62, 203, 23, 98, 124, 98]
2025-08-28 17:28:07,794 [INFO] Detected 6 markers: [62, 40, 203, 23, 98, 124]
2025-08-28 17:28:07,850 [INFO] Detected 8 markers: [62, 23, 203, 40, 98, 124, 124, 98]
2025-08-28 17:28:07,917 [INFO] Detected 6 markers: [62, 40, 23, 98, 203, 124]
2025-08-28 17:28:07,966 [INFO] Detected 5 markers: [62, 40, 23, 203, 124]
2025-08-28 17:28:08,021 [INFO] Detected 7 markers: [62, 40, 203, 23, 98, 124, 98]
2025-08-28 17:28:08,095 [INFO] Detected 6 markers: [62, 40, 98, 23, 203, 124]
2025-08-28 17:28:08,149 [INFO] Detected 7 markers: [62, 40, 98, 203, 124, 23, 98]
2025-08-28 17:28:08,217 [INFO] Detected 8 markers: [40, 62, 98, 23, 203, 124, 40, 124]
2025-08-28 17:28:08,291 [INFO] Detected 6 markers: [40, 62, 23, 203, 98, 124]
2025-08-28 17:28:08,345 [INFO] Detected 6 markers: [62, 40, 203, 23, 124, 98]
2025-08-28 17:28:08,393 [INFO] Detected 6 markers: [62, 203, 40, 23, 98, 124]
2025-08-28 17:28:08,458 [INFO] Detected 6 markers: [62, 23, 203, 40, 98, 124]
2025-08-28 17:28:08,505 [INFO] Detected 6 markers: [62, 40, 203, 98, 23, 124]
2025-08-28 17:28:08,563 [INFO] Detected 6 markers: [62, 203, 40, 23, 98, 124]
2025-08-28 17:28:08,602 [INFO] Detected 6 markers: [62, 203, 40, 23, 98, 124]
2025-08-28 17:28:08,635 [INFO] Detected 6 markers: [62, 203, 40, 23, 124, 98]
2025-08-28 17:28:08,677 [INFO] Detected 6 markers: [62, 203, 40, 23, 98, 124]
2025-08-28 17:28:08,729 [INFO] Detected 6 markers: [62, 203, 23, 40, 98, 124]
2025-08-28 17:28:08,765 [INFO] Detected 6 markers: [203, 62, 23, 40, 98, 124]
2025-08-28 17:28:08,818 [INFO] Detected 6 markers: [203, 62, 40, 23, 98, 124]
2025-08-28 17:28:08,865 [INFO] Detected 6 markers: [203, 62, 23, 40, 124, 98]
2025-08-28 17:28:08,903 [INFO] Detected 6 markers: [62, 203, 23, 40, 98, 124]
2025-08-28 17:28:08,950 [INFO] Detected 6 markers: [203, 62, 23, 40, 98, 124]
2025-08-28 17:28:08,988 [INFO] Detected 6 markers: [203, 62, 40, 23, 98, 124]
2025-08-28 17:28:09,030 [INFO] Detected 6 markers: [203, 62, 23, 40, 124, 98]
2025-08-28 17:28:09,076 [INFO] Detected 6 markers: [62, 203, 23, 40, 98, 124]
2025-08-28 17:28:09,118 [INFO] Detected 6 markers: [203, 62, 23, 40, 98, 124]
2025-08-28 17:28:09,159 [INFO] Detected 6 markers: [62, 203, 23, 40, 124, 98]
2025-08-28 17:28:09,217 [INFO] Detected 6 markers: [62, 203, 23, 40, 98, 124]
2025-08-28 17:28:09,261 [INFO] Detected 6 markers: [62, 203, 23, 40, 98, 124]
2025-08-28 17:28:09,301 [INFO] Detected 6 markers: [62, 203, 40, 23, 98, 124]
2025-08-28 17:28:09,373 [INFO] Detected 6 markers: [62, 203, 23, 40, 124, 98]
2025-08-28 17:28:09,408 [INFO] Detected 6 markers: [62, 203, 23, 40, 124, 98]
2025-08-28 17:28:09,446 [INFO] Detected 6 markers: [62, 203, 23, 40, 98, 124]
2025-08-28 17:28:09,497 [INFO] Detected 6 markers: [62, 203, 23, 40, 98, 124]
2025-08-28 17:28:09,545 [INFO] Detected 6 markers: [62, 203, 23, 98, 40, 124]
2025-08-28 17:28:09,580 [INFO] Detected 2 markers: [62, 23]
2025-08-28 17:28:09,637 [INFO] Detected 1 markers: [23]
2025-08-28 17:28:09,689 [INFO] Detected 3 markers: [62, 203, 23]
2025-08-28 17:28:09,731 [INFO] Detected 1 markers: [23]
2025-08-28 17:28:09,775 [INFO] Detected 3 markers: [203, 62, 23]
2025-08-28 17:28:09,832 [INFO] Detected 3 markers: [62, 203, 23]
2025-08-28 17:28:09,878 [INFO] Detected 6 markers: [62, 203, 40, 23, 124, 98]
2025-08-28 17:28:09,916 [INFO] Detected 6 markers: [203, 62, 23, 40, 98, 124]
2025-08-28 17:28:09,967 [INFO] Detected 6 markers: [62, 203, 23, 40, 98, 124]
2025-08-28 17:28:10,004 [INFO] Detected 6 markers: [62, 203, 23, 40, 98, 124]
2025-08-28 17:28:10,029 [INFO] Detected 5 markers: [62, 203, 23, 40, 98]
2025-08-28 17:28:10,068 [INFO] Detected 5 markers: [62, 203, 23, 40, 98]
2025-08-28 17:28:10,104 [INFO] Detected 4 markers: [62, 23, 40, 98]
2025-08-28 17:28:10,159 [INFO] Detected 4 markers: [62, 23, 40, 98]
2025-08-28 17:28:10,205 [INFO] Detected 4 markers: [62, 23, 40, 98]
2025-08-28 17:28:10,244 [INFO] Detected 6 markers: [62, 203, 23, 40, 124, 98]
2025-08-28 17:28:10,292 [INFO] Detected 5 markers: [62, 203, 23, 40, 98]
2025-08-28 17:28:10,321 [INFO] Detected 6 markers: [203, 62, 23, 40, 124, 98]
2025-08-28 17:28:10,356 [INFO] Detected 6 markers: [203, 62, 23, 40, 124, 98]
2025-08-28 17:28:10,395 [INFO] Detected 6 markers: [203, 62, 23, 40, 124, 98]
2025-08-28 17:28:10,431 [INFO] Detected 5 markers: [203, 62, 23, 40, 124]
2025-08-28 17:28:10,456 [INFO] Detected 4 markers: [203, 62, 23, 40]
2025-08-28 17:28:10,486 [INFO] Detected 6 markers: [203, 62, 23, 40, 124, 98]
2025-08-28 17:28:10,530 [INFO] Detected 5 markers: [203, 62, 23, 40, 98]
2025-08-28 17:28:10,564 [INFO] Detected 6 markers: [203, 62, 23, 40, 124, 98]
2025-08-28 17:28:10,593 [INFO] Detected 6 markers: [203, 62, 23, 40, 124, 98]
2025-08-28 17:28:10,630 [INFO] Detected 6 markers: [203, 62, 23, 40, 124, 98]
2025-08-28 17:28:10,669 [INFO] Detected 6 markers: [203, 62, 23, 40, 124, 98]
2025-08-28 17:28:10,698 [INFO] Detected 6 markers: [203, 62, 23, 40, 124, 98]
2025-08-28 17:28:10,736 [INFO] Detected 6 markers: [203, 62, 23, 40, 124, 98]
2025-08-28 17:28:10,769 [INFO] Detected 6 markers: [203, 62, 23, 40, 124, 98]
2025-08-28 17:28:10,814 [INFO] Detected 6 markers: [203, 62, 23, 40, 124, 98]
2025-08-28 17:28:10,848 [INFO] Detected 6 markers: [203, 62, 23, 40, 98, 124]
2025-08-28 17:28:10,897 [INFO] Detected 6 markers: [62, 203, 23, 40, 124, 98]
2025-08-28 17:28:10,935 [INFO] Detected 6 markers: [203, 62, 23, 40, 124, 98]
2025-08-28 17:28:10,976 [INFO] Detected 6 markers: [203, 62, 23, 40, 124, 98]
2025-08-28 17:28:11,011 [INFO] Detected 6 markers: [203, 62, 23, 40, 124, 98]
2025-08-28 17:28:11,054 [INFO] Detected 6 markers: [203, 62, 23, 40, 124, 98]
2025-08-28 17:28:11,089 [INFO] Detected 6 markers: [203, 62, 23, 40, 124, 98]
2025-08-28 17:28:11,124 [INFO] Detected 6 markers: [203, 62, 23, 40, 124, 98]
2025-08-28 17:28:11,165 [INFO] Detected 6 markers: [203, 62, 23, 40, 124, 98]
2025-08-28 17:28:11,212 [INFO] Detected 6 markers: [203, 62, 23, 40, 124, 98]
2025-08-28 17:28:11,243 [INFO] Detected 6 markers: [203, 62, 23, 40, 124, 98]
2025-08-28 17:28:11,278 [INFO] Detected 6 markers: [203, 62, 23, 40, 124, 98]
2025-08-28 17:28:11,324 [INFO] Detected 6 markers: [203, 62, 23, 40, 124, 98]
2025-08-28 17:28:11,350 [INFO] Detected 6 markers: [203, 62, 23, 40, 124, 98]
2025-08-28 17:28:11,376 [INFO] Detected 6 markers: [203, 62, 23, 40, 124, 98]
2025-08-28 17:28:11,420 [INFO] Detected 6 markers: [203, 62, 23, 40, 124, 98]
2025-08-28 17:28:11,460 [INFO] Detected 6 markers: [203, 62, 23, 40, 124, 98]
2025-08-28 17:28:11,493 [INFO] Detected 6 markers: [203, 62, 23, 40, 124, 98]
2025-08-28 17:28:11,531 [INFO] Detected 6 markers: [203, 62, 23, 40, 124, 98]
2025-08-28 17:28:11,566 [INFO] Detected 6 markers: [203, 62, 23, 40, 124, 98]
2025-08-28 17:28:11,608 [INFO] Detected 6 markers: [203, 62, 23, 40, 124, 98]
2025-08-28 17:28:11,642 [INFO] Detected 6 markers: [203, 62, 23, 40, 124, 98]
2025-08-28 17:28:11,684 [INFO] Detected 6 markers: [203, 62, 23, 40, 124, 98]
2025-08-28 17:28:11,731 [INFO] Detected 6 markers: [203, 62, 23, 40, 124, 98]
2025-08-28 17:28:11,764 [INFO] Detected 6 markers: [62, 203, 23, 40, 124, 98]
2025-08-28 17:28:11,800 [INFO] Detected 6 markers: [203, 62, 23, 40, 124, 98]
2025-08-28 17:28:11,852 [INFO] Detected 6 markers: [203, 62, 23, 40, 124, 98]
2025-08-28 17:28:11,899 [INFO] Detected 6 markers: [203, 62, 23, 40, 124, 98]
2025-08-28 17:28:11,940 [INFO] Detected 6 markers: [203, 62, 23, 40, 124, 98]
2025-08-28 17:28:11,989 [INFO] Detected 6 markers: [203, 62, 23, 40, 124, 98]
2025-08-28 17:28:12,023 [INFO] Detected 6 markers: [203, 62, 23, 40, 124, 98]
2025-08-28 17:28:12,065 [INFO] Detected 6 markers: [203, 62, 23, 40, 124, 98]
2025-08-28 17:28:12,110 [INFO] Detected 6 markers: [203, 62, 23, 40, 98, 124]
2025-08-28 17:28:12,153 [INFO] Detected 6 markers: [203, 62, 23, 40, 124, 98]
2025-08-28 17:28:12,190 [INFO] Detected 6 markers: [203, 62, 23, 40, 124, 98]
2025-08-28 17:28:12,229 [INFO] Detected 6 markers: [203, 62, 23, 40, 124, 98]
2025-08-28 17:28:12,279 [INFO] Detected 5 markers: [203, 62, 23, 98, 124]
2025-08-28 17:28:12,325 [INFO] Detected 6 markers: [203, 62, 23, 40, 98, 124]
2025-08-28 17:28:12,383 [INFO] Detected 6 markers: [203, 62, 23, 40, 124, 98]
2025-08-28 17:28:12,435 [INFO] Detected 6 markers: [203, 62, 23, 40, 124, 98]
2025-08-28 17:28:12,478 [INFO] Detected 6 markers: [203, 62, 23, 40, 124, 98]
2025-08-28 17:28:12,532 [INFO] Detected 6 markers: [203, 62, 23, 40, 124, 98]
2025-08-28 17:28:12,575 [INFO] Detected 6 markers: [203, 62, 23, 40, 124, 98]
2025-08-28 17:28:12,614 [INFO] Detected 6 markers: [203, 62, 23, 40, 124, 98]
2025-08-28 17:28:12,667 [INFO] Detected 6 markers: [62, 203, 23, 40, 124, 98]
2025-08-28 17:28:12,712 [INFO] Detected 6 markers: [203, 62, 23, 40, 124, 98]
2025-08-28 17:28:12,767 [INFO] Detected 6 markers: [203, 62, 23, 40, 124, 98]
2025-08-28 17:28:12,811 [INFO] Detected 6 markers: [203, 62, 23, 40, 98, 124]
2025-08-28 17:28:12,862 [INFO] Detected 6 markers: [203, 62, 23, 40, 124, 98]
2025-08-28 17:28:12,909 [INFO] Detected 6 markers: [203, 62, 23, 40, 124, 98]
2025-08-28 17:28:12,953 [INFO] Detected 6 markers: [203, 62, 23, 40, 124, 98]
2025-08-28 17:28:13,022 [INFO] Detected 6 markers: [203, 62, 23, 40, 124, 98]
2025-08-28 17:28:13,087 [INFO] Detected 6 markers: [203, 62, 23, 40, 124, 98]
2025-08-28 17:28:13,137 [INFO] Detected 6 markers: [203, 62, 23, 40, 124, 98]
2025-08-28 17:28:13,206 [INFO] Detected 6 markers: [203, 62, 23, 40, 124, 98]
2025-08-28 17:28:13,242 [INFO] Detected 6 markers: [203, 62, 23, 40, 124, 98]
2025-08-28 17:28:13,285 [INFO] Detected 6 markers: [203, 62, 23, 40, 124, 98]
2025-08-28 17:28:13,342 [INFO] Detected 6 markers: [62, 203, 23, 40, 124, 98]
2025-08-28 17:28:13,409 [INFO] Detected 6 markers: [203, 62, 23, 40, 98, 124]
2025-08-28 17:28:13,465 [INFO] Detected 6 markers: [203, 62, 23, 40, 98, 124]
2025-08-28 17:28:13,533 [INFO] Detected 6 markers: [203, 62, 23, 40, 124, 98]
2025-08-28 17:28:13,588 [INFO] Detected 6 markers: [203, 62, 23, 40, 124, 98]
2025-08-28 17:28:13,625 [INFO] Detected 6 markers: [203, 62, 23, 40, 124, 98]
2025-08-28 17:28:13,679 [INFO] Detected 6 markers: [203, 62, 23, 40, 124, 98]
2025-08-28 17:28:13,724 [INFO] Detected 6 markers: [62, 203, 23, 40, 124, 98]
2025-08-28 17:28:13,774 [INFO] Detected 6 markers: [203, 62, 23, 40, 124, 98]
2025-08-28 17:28:13,848 [INFO] Detected 6 markers: [203, 62, 23, 40, 124, 98]
2025-08-28 17:28:13,902 [INFO] Detected 6 markers: [203, 62, 23, 40, 124, 98]
2025-08-28 17:28:13,943 [INFO] Detected 6 markers: [203, 62, 23, 40, 98, 124]
2025-08-28 17:28:14,003 [INFO] Detected 6 markers: [203, 62, 23, 40, 124, 98]
2025-08-28 17:28:14,038 [INFO] Detected 5 markers: [203, 62, 40, 124, 98]
2025-08-28 17:28:14,093 [INFO] Detected 3 markers: [203, 23, 98]
2025-08-28 17:28:14,152 [INFO] Detected 2 markers: [23, 98]
2025-08-28 17:28:14,191 [INFO] Detected 1 markers: [124]
2025-08-28 17:28:14,240 [INFO] Detected 2 markers: [98, 124]
2025-08-28 17:28:14,296 [INFO] Detected 1 markers: [124]
2025-08-28 17:28:14,342 [INFO] Detected 6 markers: [203, 62, 23, 40, 98, 124]
2025-08-28 17:28:14,394 [INFO] Detected 5 markers: [203, 62, 40, 98, 124]
2025-08-28 17:28:14,439 [INFO] Detected 3 markers: [203, 62, 40]
2025-08-28 17:28:14,483 [INFO] Detected 3 markers: [203, 62, 23]
2025-08-28 17:28:14,541 [INFO] Detected 2 markers: [203, 40]
2025-08-28 17:28:14,598 [INFO] Detected 4 markers: [203, 23, 40, 124]
2025-08-28 17:28:14,661 [INFO] Detected 5 markers: [203, 23, 40, 98, 124]
2025-08-28 17:28:14,701 [INFO] Detected 5 markers: [62, 203, 40, 98, 124]
2025-08-28 17:28:14,749 [INFO] Detected 6 markers: [62, 203, 23, 40, 98, 124]
2025-08-28 17:28:14,798 [INFO] Detected 6 markers: [62, 203, 23, 40, 98, 124]
2025-08-28 17:28:14,843 [INFO] Detected 6 markers: [203, 62, 23, 40, 98, 124]
2025-08-28 17:28:14,903 [INFO] Detected 6 markers: [62, 203, 23, 40, 98, 124]
2025-08-28 17:28:14,955 [INFO] Detected 5 markers: [203, 62, 23, 40, 98]
2025-08-28 17:28:15,011 [INFO] Detected 6 markers: [203, 62, 23, 40, 124, 98]
2025-08-28 17:28:15,087 [INFO] Detected 6 markers: [203, 62, 23, 40, 124, 98]
2025-08-28 17:28:15,128 [INFO] Detected 6 markers: [62, 203, 23, 40, 124, 98]
2025-08-28 17:28:15,182 [INFO] Detected 6 markers: [203, 62, 23, 40, 124, 98]
2025-08-28 17:28:15,235 [INFO] Detected 6 markers: [203, 62, 23, 40, 124, 98]
2025-08-28 17:28:15,274 [INFO] Detected 6 markers: [203, 62, 23, 40, 98, 124]
2025-08-28 17:28:15,315 [INFO] Detected 6 markers: [203, 62, 23, 40, 98, 124]
2025-08-28 17:28:15,370 [INFO] Detected 6 markers: [203, 62, 23, 40, 124, 98]
2025-08-28 17:28:15,402 [INFO] Detected 6 markers: [203, 62, 23, 40, 124, 98]
2025-08-28 17:28:15,437 [INFO] Detected 6 markers: [203, 62, 23, 40, 98, 124]
2025-08-28 17:28:15,492 [INFO] Detected 6 markers: [203, 62, 23, 40, 124, 98]
2025-08-28 17:28:15,529 [INFO] Detected 6 markers: [203, 62, 23, 40, 124, 98]
2025-08-28 17:28:15,573 [INFO] Detected 6 markers: [203, 62, 23, 40, 124, 98]
2025-08-28 17:28:15,631 [INFO] Detected 5 markers: [203, 62, 40, 124, 98]
2025-08-28 17:28:15,667 [INFO] Detected 6 markers: [203, 62, 23, 40, 124, 98]
2025-08-28 17:28:15,716 [INFO] Detected 6 markers: [203, 62, 23, 40, 98, 124]
2025-08-28 17:28:15,762 [INFO] Detected 6 markers: [203, 62, 23, 40, 124, 98]
2025-08-28 17:28:15,802 [INFO] Detected 6 markers: [203, 62, 23, 40, 124, 98]
2025-08-28 17:28:15,839 [INFO] Detected 6 markers: [62, 203, 23, 40, 124, 98]
2025-08-28 17:28:15,888 [INFO] Detected 6 markers: [62, 203, 23, 40, 98, 124]
2025-08-28 17:28:15,931 [INFO] Detected 6 markers: [203, 62, 23, 40, 98, 124]
2025-08-28 17:28:15,983 [INFO] Detected 6 markers: [203, 62, 23, 40, 98, 124]
2025-08-28 17:28:16,035 [INFO] Detected 6 markers: [62, 203, 23, 40, 124, 98]
2025-08-28 17:28:16,075 [INFO] Detected 6 markers: [203, 62, 23, 40, 98, 124]
2025-08-28 17:28:16,117 [INFO] Detected 6 markers: [203, 62, 23, 40, 124, 98]
2025-08-28 17:28:16,174 [INFO] Detected 6 markers: [203, 62, 23, 40, 124, 98]
2025-08-28 17:28:16,211 [INFO] Detected 6 markers: [203, 62, 23, 40, 98, 124]
2025-08-28 17:28:16,251 [INFO] Detected 6 markers: [203, 62, 23, 40, 124, 98]
2025-08-28 17:28:16,305 [INFO] Detected 6 markers: [203, 62, 23, 40, 124, 98]
2025-08-28 17:28:16,342 [INFO] Detected 6 markers: [203, 62, 23, 40, 124, 98]
2025-08-28 17:28:16,384 [INFO] Detected 6 markers: [203, 62, 23, 40, 98, 124]
2025-08-28 17:28:16,432 [INFO] Detected 6 markers: [203, 62, 23, 40, 98, 124]
2025-08-28 17:28:16,461 [INFO] Detected 6 markers: [62, 203, 23, 40, 98, 124]
2025-08-28 17:28:16,491 [INFO] Detected 6 markers: [62, 203, 23, 40, 98, 124]
2025-08-28 17:28:16,534 [INFO] Detected 6 markers: [62, 203, 23, 40, 98, 124]
2025-08-28 17:28:16,577 [INFO] Detected 6 markers: [203, 62, 23, 98, 40, 124]
2025-08-28 17:28:16,608 [INFO] Detected 6 markers: [62, 203, 23, 40, 124, 98]
2025-08-28 17:28:16,651 [INFO] Detected 6 markers: [62, 203, 23, 98, 40, 124]
2025-08-28 17:28:16,696 [INFO] Detected 6 markers: [203, 62, 23, 40, 98, 124]
2025-08-28 17:28:16,733 [INFO] Detected 6 markers: [62, 23, 203, 40, 98, 124]
2025-08-28 17:28:16,769 [INFO] Detected 6 markers: [62, 203, 23, 40, 98, 124]
2025-08-28 17:28:16,810 [INFO] Detected 6 markers: [62, 203, 40, 23, 98, 124]
2025-08-28 17:28:16,847 [INFO] Detected 6 markers: [203, 62, 40, 23, 98, 124]
2025-08-28 17:28:16,878 [INFO] Detected 6 markers: [40, 62, 203, 98, 23, 124]
2025-08-28 17:28:16,909 [INFO] Detected 6 markers: [62, 40, 203, 23, 98, 124]
2025-08-28 17:28:16,955 [INFO] Detected 6 markers: [62, 203, 40, 23, 98, 124]
2025-08-28 17:28:16,986 [INFO] Detected 6 markers: [62, 40, 203, 23, 98, 124]
2025-08-28 17:28:17,021 [INFO] Detected 7 markers: [40, 62, 203, 23, 98, 124, 40]
2025-08-28 17:28:17,057 [INFO] Detected 8 markers: [62, 40, 98, 203, 23, 124, 40, 98]
2025-08-28 17:28:17,106 [INFO] Detected 6 markers: [62, 203, 40, 98, 23, 124]
2025-08-28 17:28:17,139 [INFO] Detected 6 markers: [62, 203, 40, 98, 23, 124]
2025-08-28 17:28:17,176 [INFO] Detected 5 markers: [23, 203, 62, 98, 124]
2025-08-28 17:28:17,221 [INFO] Detected 6 markers: [40, 98, 62, 203, 23, 124]
2025-08-28 17:28:17,264 [INFO] Detected 7 markers: [40, 203, 62, 98, 23, 124, 62]
2025-08-28 17:28:17,299 [INFO] Detected 6 markers: [62, 98, 203, 40, 23, 124]
2025-08-28 17:28:17,341 [INFO] Detected 6 markers: [40, 98, 62, 203, 23, 124]
2025-08-28 17:28:17,376 [INFO] Detected 6 markers: [98, 23, 40, 62, 124, 203]
2025-08-28 17:28:17,407 [INFO] Detected 6 markers: [62, 40, 23, 124, 98, 203]
2025-08-28 17:28:17,449 [INFO] Detected 6 markers: [40, 98, 23, 62, 124, 203]
2025-08-28 17:28:17,500 [INFO] Detected 6 markers: [98, 40, 62, 203, 23, 124]
2025-08-28 17:28:17,544 [INFO] Detected 6 markers: [62, 40, 98, 23, 124, 203]
2025-08-28 17:28:17,580 [INFO] Detected 6 markers: [98, 62, 40, 23, 124, 203]
2025-08-28 17:28:17,623 [INFO] Detected 6 markers: [98, 40, 62, 124, 23, 203]
2025-08-28 17:28:17,656 [INFO] Detected 6 markers: [98, 40, 23, 62, 124, 203]
2025-08-28 17:28:17,698 [INFO] Detected 6 markers: [98, 40, 124, 62, 23, 203]
2025-08-28 17:28:17,733 [INFO] Detected 6 markers: [98, 40, 124, 62, 23, 203]
2025-08-28 17:28:17,772 [INFO] Detected 6 markers: [98, 40, 23, 124, 62, 203]
2025-08-28 17:28:17,809 [INFO] Detected 6 markers: [40, 98, 124, 23, 62, 203]
2025-08-28 17:28:17,849 [INFO] Detected 6 markers: [40, 98, 124, 23, 203, 62]
2025-08-28 17:28:17,901 [INFO] Detected 7 markers: [40, 98, 124, 203, 23, 62, 203]
2025-08-28 17:28:17,940 [INFO] Detected 6 markers: [98, 40, 124, 23, 62, 203]
2025-08-28 17:28:17,977 [INFO] Detected 6 markers: [98, 124, 40, 23, 62, 203]
2025-08-28 17:28:18,019 [INFO] Detected 6 markers: [40, 98, 124, 23, 62, 203]
2025-08-28 17:28:18,072 [INFO] Detected 7 markers: [98, 40, 124, 23, 62, 203, 203]
2025-08-28 17:28:18,110 [INFO] Detected 6 markers: [98, 40, 124, 62, 23, 203]
2025-08-28 17:28:18,149 [INFO] Detected 6 markers: [98, 40, 124, 23, 62, 203]
2025-08-28 17:28:18,196 [INFO] Detected 6 markers: [98, 40, 124, 23, 62, 203]
2025-08-28 17:28:18,230 [INFO] Detected 6 markers: [98, 40, 124, 23, 62, 203]
2025-08-28 17:28:18,269 [INFO] Detected 7 markers: [98, 40, 124, 23, 62, 203, 203]
2025-08-28 17:28:18,308 [INFO] Detected 6 markers: [98, 40, 124, 23, 203, 62]
2025-08-28 17:28:18,348 [INFO] Detected 6 markers: [98, 40, 124, 23, 62, 203]
2025-08-28 17:28:18,379 [INFO] Detected 6 markers: [40, 98, 124, 23, 62, 203]
2025-08-28 17:28:18,417 [INFO] Detected 6 markers: [40, 98, 23, 124, 62, 203]
2025-08-28 17:28:18,466 [INFO] Detected 6 markers: [98, 40, 124, 62, 23, 203]
2025-08-28 17:28:18,502 [INFO] Detected 6 markers: [40, 98, 124, 23, 62, 203]
2025-08-28 17:28:18,549 [INFO] Detected 5 markers: [124, 23, 98, 62, 203]
2025-08-28 17:28:18,596 [INFO] Detected 4 markers: [62, 203, 124, 23]
2025-08-28 17:28:18,641 [INFO] Detected 6 markers: [40, 98, 203, 124, 62, 23]
2025-08-28 17:28:18,680 [INFO] Detected 6 markers: [62, 40, 203, 23, 98, 124]
2025-08-28 17:28:18,726 [INFO] Detected 5 markers: [62, 23, 98, 203, 124]
2025-08-28 17:28:18,771 [INFO] Detected 6 markers: [40, 62, 98, 203, 23, 124]
2025-08-28 17:28:18,804 [INFO] Detected 6 markers: [62, 40, 203, 23, 124, 98]
2025-08-28 17:28:18,840 [INFO] Detected 4 markers: [62, 203, 23, 124]
2025-08-28 17:28:18,887 [INFO] Detected 6 markers: [203, 40, 62, 23, 98, 124]
2025-08-28 17:28:18,931 [INFO] Detected 5 markers: [62, 40, 203, 23, 124]
2025-08-28 17:28:18,967 [INFO] Detected 4 markers: [62, 203, 23, 124]
2025-08-28 17:28:19,012 [INFO] Detected 4 markers: [203, 23, 62, 124]
2025-08-28 17:28:19,074 [INFO] No markers detected in this frame.
2025-08-28 17:28:19,111 [INFO] Detected 4 markers: [203, 23, 98, 124]
2025-08-28 17:28:19,156 [INFO] Detected 5 markers: [203, 62, 23, 98, 124]
2025-08-28 17:28:19,215 [INFO] Detected 3 markers: [62, 203, 23]
2025-08-28 17:28:19,257 [INFO] Detected 5 markers: [62, 203, 23, 98, 124]
2025-08-28 17:28:19,302 [INFO] Detected 2 markers: [203, 23]
2025-08-28 17:28:19,353 [INFO] Detected 2 markers: [203, 23]
2025-08-28 17:28:19,382 [INFO] No markers detected in this frame.
2025-08-28 17:28:19,418 [INFO] No markers detected in this frame.
2025-08-28 17:28:19,462 [INFO] No markers detected in this frame.
2025-08-28 17:28:19,511 [INFO] No markers detected in this frame.
2025-08-28 17:28:19,544 [INFO] No markers detected in this frame.
2025-08-28 17:28:19,594 [INFO] No markers detected in this frame.
2025-08-28 17:28:19,643 [INFO] No markers detected in this frame.
2025-08-28 17:28:19,676 [INFO] No markers detected in this frame.
2025-08-28 17:28:19,724 [INFO] No markers detected in this frame.
2025-08-28 17:28:19,771 [INFO] No markers detected in this frame.
2025-08-28 17:28:19,814 [INFO] No markers detected in this frame.
2025-08-28 17:28:19,860 [INFO] No markers detected in this frame.
2025-08-28 17:28:19,901 [INFO] No markers detected in this frame.
2025-08-28 17:28:19,943 [INFO] No markers detected in this frame.
2025-08-28 17:28:19,975 [INFO] No markers detected in this frame.
2025-08-28 17:28:20,015 [INFO] No markers detected in this frame.
2025-08-28 17:28:20,071 [INFO] No markers detected in this frame.
2025-08-28 17:28:20,124 [INFO] No markers detected in this frame.
2025-08-28 17:28:20,173 [INFO] No markers detected in this frame.
2025-08-28 17:28:20,224 [INFO] No markers detected in this frame.
2025-08-28 17:28:20,272 [INFO] No markers detected in this frame.
2025-08-28 17:28:20,310 [INFO] No markers detected in this frame.
2025-08-28 17:28:20,353 [INFO] No markers detected in this frame.
2025-08-28 17:28:20,388 [INFO] No markers detected in this frame.
2025-08-28 17:28:20,427 [INFO] No markers detected in this frame.
2025-08-28 17:28:20,475 [INFO] Detected 1 markers: [98]
2025-08-28 17:28:20,523 [INFO] Detected 1 markers: [98]
2025-08-28 17:28:20,558 [INFO] Detected 1 markers: [98]
2025-08-28 17:28:20,597 [INFO] Detected 1 markers: [98]
2025-08-28 17:28:20,648 [INFO] Detected 1 markers: [98]
2025-08-28 17:28:20,687 [INFO] Detected 1 markers: [98]
2025-08-28 17:28:20,731 [INFO] No markers detected in this frame.
2025-08-28 17:28:20,780 [INFO] No markers detected in this frame.
2025-08-28 17:28:20,821 [INFO] Detected 1 markers: [62]
2025-08-28 17:28:20,865 [INFO] Detected 4 markers: [203, 62, 23, 98]
2025-08-28 17:28:20,924 [INFO] Detected 6 markers: [203, 62, 23, 40, 98, 124]
2025-08-28 17:28:20,961 [INFO] Detected 6 markers: [203, 62, 23, 40, 98, 124]
2025-08-28 17:28:21,006 [INFO] Detected 6 markers: [62, 203, 23, 40, 98, 124]
2025-08-28 17:28:21,063 [INFO] Detected 6 markers: [203, 62, 23, 40, 98, 124]
2025-08-28 17:28:21,105 [INFO] Detected 6 markers: [62, 203, 40, 23, 98, 124]
2025-08-28 17:28:21,159 [INFO] Detected 6 markers: [62, 203, 23, 40, 98, 124]
2025-08-28 17:28:21,212 [INFO] Detected 5 markers: [62, 203, 40, 98, 124]
2025-08-28 17:28:21,246 [INFO] Detected 6 markers: [62, 203, 40, 23, 98, 124]
2025-08-28 17:28:21,282 [INFO] Detected 6 markers: [62, 203, 23, 40, 124, 98]
2025-08-28 17:28:21,341 [INFO] Detected 6 markers: [62, 203, 23, 40, 124, 98]
2025-08-28 17:28:21,377 [INFO] Detected 5 markers: [62, 203, 23, 40, 124]
2025-08-28 17:28:21,430 [INFO] Detected 4 markers: [62, 23, 98, 124]
2025-08-28 17:28:21,481 [INFO] Detected 3 markers: [62, 23, 98]
2025-08-28 17:28:21,521 [INFO] Detected 1 markers: [98]
2025-08-28 17:28:21,560 [INFO] No markers detected in this frame.
2025-08-28 17:28:21,606 [INFO] No markers detected in this frame.
2025-08-28 17:28:21,642 [INFO] No markers detected in this frame.
2025-08-28 17:28:21,681 [INFO] No markers detected in this frame.
2025-08-28 17:28:21,723 [INFO] No markers detected in this frame.
2025-08-28 17:28:21,758 [INFO] No markers detected in this frame.
2025-08-28 17:28:21,792 [INFO] No markers detected in this frame.
2025-08-28 17:28:21,846 [INFO] No markers detected in this frame.
2025-08-28 17:28:21,889 [INFO] No markers detected in this frame.
2025-08-28 17:28:21,931 [INFO] No markers detected in this frame.
2025-08-28 17:28:21,988 [INFO] No markers detected in this frame.
2025-08-28 17:28:22,019 [INFO] No markers detected in this frame.
2025-08-28 17:28:22,046 [INFO] No markers detected in this frame.
2025-08-28 17:28:22,099 [INFO] No markers detected in this frame.
2025-08-28 17:28:22,144 [INFO] No markers detected in this frame.
2025-08-28 17:28:22,179 [INFO] No markers detected in this frame.
2025-08-28 17:28:22,224 [INFO] No markers detected in this frame.
2025-08-28 17:28:22,273 [INFO] No markers detected in this frame.
2025-08-28 17:28:22,321 [INFO] No markers detected in this frame.
2025-08-28 17:28:22,369 [INFO] No markers detected in this frame.
2025-08-28 17:28:22,414 [INFO] No markers detected in this frame.
2025-08-28 17:28:22,440 [INFO] No markers detected in this frame.
2025-08-28 17:28:22,476 [INFO] No markers detected in this frame.
2025-08-28 17:28:22,506 [INFO] No markers detected in this frame.
2025-08-28 17:28:22,546 [INFO] No markers detected in this frame.
2025-08-28 17:28:22,585 [INFO] No markers detected in this frame.
2025-08-28 17:28:22,619 [INFO] No markers detected in this frame.
2025-08-28 17:28:22,665 [INFO] No markers detected in this frame.
2025-08-28 17:28:22,708 [INFO] Detected 5 markers: [203, 62, 23, 98, 124]
2025-08-28 17:28:22,746 [INFO] Detected 6 markers: [203, 40, 62, 98, 23, 124]
2025-08-28 17:28:22,781 [INFO] Detected 5 markers: [62, 203, 23, 98, 124]
2025-08-28 17:28:22,825 [INFO] Detected 3 markers: [62, 23, 124]
2025-08-28 17:28:22,860 [INFO] Detected 5 markers: [62, 203, 23, 98, 124]
2025-08-28 17:28:22,892 [INFO] Detected 4 markers: [62, 23, 98, 124]
2025-08-28 17:28:22,931 [INFO] Detected 1 markers: [23]
2025-08-28 17:28:22,959 [INFO] No markers detected in this frame.
2025-08-28 17:28:22,992 [INFO] No markers detected in this frame.
2025-08-28 17:28:23,025 [INFO] No markers detected in this frame.
2025-08-28 17:28:23,074 [INFO] No markers detected in this frame.
2025-08-28 17:28:23,104 [INFO] No markers detected in this frame.
2025-08-28 17:28:23,138 [INFO] Detected 1 markers: [98]
2025-08-28 17:28:23,181 [INFO] Detected 5 markers: [40, 62, 98, 203, 124]
2025-08-28 17:28:23,220 [INFO] Detected 6 markers: [98, 23, 40, 62, 203, 124]
2025-08-28 17:28:23,255 [INFO] Detected 6 markers: [40, 98, 62, 23, 203, 124]
2025-08-28 17:28:23,290 [INFO] Detected 6 markers: [98, 40, 23, 124, 62, 203]
2025-08-28 17:28:23,323 [INFO] Detected 6 markers: [40, 98, 23, 124, 203, 62]
2025-08-28 17:28:23,359 [INFO] Detected 6 markers: [98, 40, 23, 62, 124, 203]
2025-08-28 17:28:23,387 [INFO] Detected 6 markers: [40, 98, 124, 23, 62, 203]
2025-08-28 17:28:23,420 [INFO] Detected 6 markers: [98, 40, 62, 124, 23, 203]
2025-08-28 17:28:23,458 [INFO] Detected 6 markers: [98, 40, 23, 124, 62, 203]
2025-08-28 17:28:23,498 [INFO] Detected 6 markers: [40, 98, 23, 62, 124, 203]
2025-08-28 17:28:23,529 [INFO] Detected 6 markers: [40, 98, 124, 23, 62, 203]
2025-08-28 17:28:23,567 [INFO] Detected 7 markers: [40, 98, 23, 62, 124, 203, 40]
2025-08-28 17:28:23,602 [INFO] Detected 8 markers: [40, 98, 23, 62, 124, 203, 98, 40]
2025-08-28 17:28:23,639 [INFO] Detected 8 markers: [40, 98, 124, 23, 62, 203, 98, 40]
2025-08-28 17:28:23,673 [INFO] Detected 6 markers: [40, 98, 124, 23, 62, 203]
2025-08-28 17:28:23,712 [INFO] Detected 8 markers: [40, 98, 62, 23, 124, 203, 40, 62]
2025-08-28 17:28:23,753 [INFO] Detected 9 markers: [40, 98, 23, 124, 62, 203, 98, 40, 62]
2025-08-28 17:28:23,784 [INFO] Detected 7 markers: [40, 98, 23, 124, 62, 203, 98]
2025-08-28 17:28:23,815 [INFO] Detected 7 markers: [40, 23, 98, 62, 124, 203, 40]
2025-08-28 17:28:23,846 [INFO] Detected 7 markers: [40, 98, 23, 62, 124, 203, 98]
2025-08-28 17:28:23,890 [INFO] Detected 9 markers: [98, 40, 23, 62, 124, 203, 98, 40, 62]
2025-08-28 17:28:23,918 [INFO] Detected 6 markers: [40, 98, 23, 203, 62, 124]
2025-08-28 17:28:23,952 [INFO] Detected 9 markers: [40, 98, 23, 124, 62, 203, 98, 40, 62]
2025-08-28 17:28:23,991 [INFO] Detected 6 markers: [40, 98, 23, 124, 62, 203]
2025-08-28 17:28:24,026 [INFO] Detected 6 markers: [40, 98, 23, 124, 62, 203]
2025-08-28 17:28:24,059 [INFO] Detected 7 markers: [40, 98, 124, 62, 23, 203, 40]
2025-08-28 17:28:24,098 [INFO] Detected 6 markers: [98, 40, 124, 23, 62, 203]
2025-08-28 17:28:24,154 [INFO] Detected 6 markers: [98, 40, 23, 62, 124, 203]
2025-08-28 17:28:24,194 [INFO] Detected 6 markers: [98, 40, 124, 23, 62, 203]
2025-08-28 17:28:24,235 [INFO] Detected 6 markers: [40, 98, 124, 23, 203, 62]
2025-08-28 17:28:24,277 [INFO] Detected 6 markers: [40, 98, 124, 23, 62, 203]
2025-08-28 17:28:24,314 [INFO] Detected 4 markers: [98, 23, 40, 124]
2025-08-28 17:28:24,346 [INFO] No markers detected in this frame.
2025-08-28 17:28:24,379 [INFO] Detected 1 markers: [23]
2025-08-28 17:28:24,417 [INFO] Detected 5 markers: [98, 40, 23, 124, 62]
2025-08-28 17:28:24,444 [INFO] Detected 6 markers: [98, 40, 23, 124, 62, 203]
2025-08-28 17:28:24,476 [INFO] Detected 6 markers: [98, 40, 124, 23, 62, 203]
2025-08-28 17:28:24,509 [INFO] Detected 6 markers: [98, 40, 124, 23, 62, 203]
2025-08-28 17:28:24,553 [INFO] Detected 6 markers: [98, 124, 40, 23, 62, 203]
2025-08-28 17:28:24,584 [INFO] Detected 6 markers: [98, 40, 124, 23, 62, 203]
2025-08-28 17:28:24,612 [INFO] Detected 6 markers: [98, 40, 124, 23, 62, 203]
2025-08-28 17:28:24,650 [INFO] Detected 6 markers: [98, 124, 40, 23, 62, 203]
2025-08-28 17:28:24,689 [INFO] Detected 6 markers: [98, 124, 40, 23, 62, 203]
2025-08-28 17:28:24,723 [INFO] Detected 6 markers: [98, 124, 40, 23, 62, 203]
2025-08-28 17:28:24,760 [INFO] Detected 6 markers: [98, 124, 40, 23, 62, 203]
2025-08-28 17:28:24,801 [INFO] Detected 7 markers: [98, 124, 40, 23, 62, 203, 62]
2025-08-28 17:28:24,839 [INFO] Detected 6 markers: [98, 40, 124, 23, 62, 203]
2025-08-28 17:28:24,878 [INFO] Detected 6 markers: [98, 40, 124, 23, 62, 203]
2025-08-28 17:28:24,916 [INFO] Detected 6 markers: [98, 40, 124, 23, 62, 203]
2025-08-28 17:28:24,958 [INFO] Detected 6 markers: [98, 124, 40, 23, 62, 203]
2025-08-28 17:28:24,989 [INFO] Detected 6 markers: [98, 40, 124, 23, 62, 203]
2025-08-28 17:28:25,022 [INFO] Detected 6 markers: [98, 40, 124, 23, 62, 203]
2025-08-28 17:28:25,064 [INFO] Detected 7 markers: [98, 40, 124, 23, 62, 203, 62]
2025-08-28 17:28:25,106 [INFO] Detected 7 markers: [98, 40, 124, 23, 62, 203, 62]
2025-08-28 17:28:25,136 [INFO] Detected 7 markers: [98, 40, 124, 23, 62, 203, 62]
2025-08-28 17:28:25,168 [INFO] Detected 7 markers: [98, 40, 124, 23, 62, 203, 62]
2025-08-28 17:28:25,199 [INFO] Detected 7 markers: [98, 40, 124, 23, 62, 203, 62]
2025-08-28 17:28:25,243 [INFO] Detected 8 markers: [98, 40, 124, 23, 62, 203, 23, 62]
2025-08-28 17:28:25,278 [INFO] Detected 7 markers: [98, 40, 124, 23, 62, 203, 62]
2025-08-28 17:28:25,322 [INFO] Detected 7 markers: [98, 40, 124, 23, 62, 203, 23]
2025-08-28 17:28:25,363 [INFO] Detected 8 markers: [98, 40, 124, 23, 62, 203, 23, 62]
2025-08-28 17:28:25,392 [INFO] Detected 7 markers: [98, 40, 124, 23, 62, 203, 62]
2025-08-28 17:28:25,421 [INFO] Detected 8 markers: [98, 40, 124, 23, 62, 203, 23, 62]
2025-08-28 17:28:25,460 [INFO] Detected 8 markers: [98, 40, 124, 23, 62, 203, 23, 62]
2025-08-28 17:28:25,508 [INFO] Detected 8 markers: [98, 40, 124, 23, 62, 203, 23, 62]
2025-08-28 17:28:25,552 [INFO] Detected 7 markers: [98, 40, 124, 62, 23, 203, 62]
2025-08-28 17:28:25,585 [INFO] Detected 6 markers: [98, 40, 62, 23, 124, 203]
2025-08-28 17:28:25,613 [INFO] Detected 7 markers: [98, 40, 124, 62, 23, 203, 62]
2025-08-28 17:28:25,662 [INFO] Detected 7 markers: [98, 40, 23, 124, 62, 203, 62]
2025-08-28 17:28:25,694 [INFO] Detected 8 markers: [98, 40, 124, 23, 62, 203, 62, 203]
2025-08-28 17:28:25,733 [INFO] Detected 8 markers: [98, 40, 124, 23, 62, 203, 23, 62]
2025-08-28 17:28:25,772 [INFO] Detected 8 markers: [40, 98, 124, 23, 62, 203, 23, 62]
2025-08-28 17:28:25,812 [INFO] Detected 7 markers: [98, 40, 124, 23, 62, 203, 62]
2025-08-28 17:28:25,849 [INFO] Detected 6 markers: [40, 98, 62, 124, 23, 203]
2025-08-28 17:28:25,900 [INFO] Detected 6 markers: [98, 40, 124, 23, 62, 203]
2025-08-28 17:28:25,937 [INFO] Detected 6 markers: [98, 40, 62, 124, 23, 203]
2025-08-28 17:28:25,966 [INFO] Detected 6 markers: [40, 98, 62, 124, 23, 203]
2025-08-28 17:28:26,025 [INFO] Detected 6 markers: [98, 40, 62, 124, 23, 203]
2025-08-28 17:28:26,070 [INFO] Detected 6 markers: [40, 98, 62, 124, 23, 203]
2025-08-28 17:28:26,109 [INFO] Detected 6 markers: [40, 98, 62, 23, 124, 203]
2025-08-28 17:28:26,148 [INFO] Detected 6 markers: [98, 40, 62, 23, 124, 203]
2025-08-28 17:28:26,196 [INFO] Detected 6 markers: [98, 40, 62, 23, 124, 203]
2025-08-28 17:28:26,236 [INFO] Detected 6 markers: [40, 98, 62, 23, 124, 203]
2025-08-28 17:28:26,271 [INFO] Detected 6 markers: [40, 98, 62, 203, 124, 23]
2025-08-28 17:28:26,310 [INFO] Detected 7 markers: [98, 40, 62, 23, 124, 203, 23]
2025-08-28 17:28:26,351 [INFO] Detected 6 markers: [40, 98, 62, 23, 203, 124]
2025-08-28 17:28:26,382 [INFO] Detected 6 markers: [40, 98, 62, 23, 203, 124]
2025-08-28 17:28:26,414 [INFO] Detected 6 markers: [40, 98, 62, 203, 23, 124]
2025-08-28 17:28:26,445 [INFO] Detected 6 markers: [40, 98, 62, 23, 203, 124]
2025-08-28 17:28:26,499 [INFO] Detected 6 markers: [40, 98, 62, 23, 124, 203]
2025-08-28 17:28:26,536 [INFO] Detected 7 markers: [40, 98, 62, 23, 203, 124, 62]
2025-08-28 17:28:26,577 [INFO] Detected 5 markers: [40, 98, 62, 23, 203]
2025-08-28 17:28:26,625 [INFO] Detected 7 markers: [40, 98, 62, 23, 203, 124, 23]
2025-08-28 17:28:26,659 [INFO] Detected 6 markers: [40, 98, 62, 23, 124, 203]
2025-08-28 17:28:26,693 [INFO] Detected 6 markers: [40, 98, 62, 23, 203, 124]
2025-08-28 17:28:26,742 [INFO] Detected 6 markers: [40, 98, 62, 23, 203, 124]
2025-08-28 17:28:26,772 [INFO] Detected 6 markers: [40, 98, 62, 203, 23, 124]
2025-08-28 17:28:26,801 [INFO] Detected 6 markers: [40, 98, 62, 23, 203, 124]
2025-08-28 17:28:26,843 [INFO] Detected 6 markers: [40, 98, 62, 23, 124, 203]
2025-08-28 17:28:26,894 [INFO] Detected 4 markers: [40, 98, 62, 203]
2025-08-28 17:28:26,935 [INFO] Detected 5 markers: [40, 98, 62, 203, 203]
2025-08-28 17:28:26,990 [INFO] Detected 4 markers: [40, 62, 203, 23]
2025-08-28 17:28:27,034 [INFO] Detected 4 markers: [40, 98, 62, 203]
2025-08-28 17:28:27,078 [INFO] Detected 3 markers: [40, 62, 203]
2025-08-28 17:28:27,128 [INFO] Detected 5 markers: [40, 62, 23, 203, 23]
